2025-12-26 09:27:54,879 - INFO - ===================== Experiment: Exp_001_LWEA =====================
2025-12-26 09:27:54,879 - INFO - Dataset: tr45_690n_8261d_10c_CDKM200
2025-12-26 09:27:54,879 - INFO - Params: {'generator_method': 'cdkmeans', 'nPartitions': 200, 'seed': 2026, 'maxiter': 100, 'replicates': 1, 'nBase': 20, 'nRepeat': 10, 'consensus_method': 'lwea', 'theta': 1}
2025-12-26 09:27:54,879 - INFO - Using precomputed BPs from .mat file.
2025-12-26 09:27:54,879 - INFO - Running Consensus: LWEA...
2025-12-26 09:27:55,589 - INFO - Labels: [array([ 5,  5,  5,  5,  8,  5,  5,  5,  5,  5,  5,  5,  5,  5,  5,  5,  5,
        5,  5,  5,  5,  5,  5,  5,  1,  5,  5,  5,  5,  5,  5,  5,  5,  5,
        5,  5,  5,  5,  5,  5,  5,  5,  5,  5,  5,  5,  5,  5,  5,  5,  5,
        5,  5,  5,  5,  5,  5,  5,  5,  5,  5,  5,  5,  5,  5,  5,  5,  5,
        5,  5,  5,  5,  5,  5,  5,  5,  5,  5,  5,  5,  5,  5,  5,  5,  5,
        5,  5,  5,  5,  5,  5,  5,  5,  5,  5,  5,  5,  5,  5,  5,  5,  5,
        5,  5,  5,  5,  5,  5,  5,  3,  5,  5,  5,  5,  5,  4,  5,  5,  5,
        5,  5,  5,  5,  5,  5,  5,  5,  5,  5,  5,  5,  5,  5,  5,  5,  5,
        5,  5,  5,  5,  5,  5,  5,  5,  5,  5,  5,  5,  5,  5,  5,  5,  5,
        5,  5,  5,  5,  6,  5,  5,  5,  5,  9,  5,  5,  5,  5,  5,  5,  1,
        5,  5,  5,  5,  5,  5,  5,  5,  5,  5,  5,  5,  5,  5,  5,  5,  5,
        5,  5,  5,  5,  5,  5,  5,  5,  4,  5,  5,  5,  5,  5,  5,  5,  5,
        5,  5,  5,  5,  5,  5,  5,  5,  5,  5,  5,  5,  5,  5,  5,  5,  5,
        5,  5,  5,  5,  5,  7,  5,  1,  5,  5,  2,  5,  5,  5,  5,  5,  5,
        5,  5,  5,  5,  5,  5,  5,  5,  5,  5,  5,  5,  5,  5,  5,  5,  5,
        1,  5,  5,  5,  5,  7,  5,  5,  5,  5,  5,  4,  5,  5,  5,  5,  5,
        5,  5,  5,  5,  5,  5, 10,  5,  5,  5,  5,  5,  4,  5,  5,  5,  5,
        5,  5,  5,  5,  5,  5,  5,  5,  5,  5,  5,  5,  5,  5,  5,  5,  5,
        1,  5,  5,  5,  5,  5,  5,  5,  5,  5,  5,  5,  5,  5,  5,  5,  5,
        5,  5,  5,  5,  5,  5,  5,  5,  5,  5,  5,  5,  5,  5,  5,  5,  5,
        1,  5,  5,  5,  5,  5,  5,  5,  5,  5,  5,  5,  5,  5,  5,  5,  5,
        5,  5,  5,  5,  5,  5,  5,  5,  5,  5,  5,  5,  5,  5,  5,  5,  5,
        5,  5,  1,  5,  5,  5,  5,  5,  5,  5,  5,  5,  5,  1,  5,  5,  5,
        5,  5,  5,  5,  5,  5,  5,  5,  5,  5,  5,  5,  5,  5,  5,  3,  5,
        5,  5,  5,  5,  5,  5,  1,  5,  5,  1,  5,  5,  5,  5,  5,  5,  5,
        5,  3,  5,  5,  5,  5,  5,  5,  3,  5,  5,  5,  5,  5,  5,  5,  5,
        5,  5,  5,  1,  5,  5,  5,  1,  1,  5,  5,  5,  5,  7,  5,  3,  3,
        5,  5,  5,  5,  5,  5,  5,  5,  5,  5,  5,  5,  5,  5,  5,  5,  5,
        5,  5,  5,  5,  5,  5,  5,  5,  5,  5,  5,  5,  5,  5,  5,  5,  5,
        5,  5,  5,  5,  5,  5,  5,  5,  5,  5,  5,  5,  5,  5,  5,  5,  5,
        5,  5,  5,  5,  5,  5,  5,  5,  5,  5,  5,  5,  3,  5,  5,  5,  5,
        5,  5,  5,  5,  5,  5,  5,  5,  5,  5,  5,  5,  5,  5,  5,  5,  5,
        5,  5,  5,  5,  5,  5,  4,  5,  5,  5,  5,  5,  5,  5,  5,  5,  5,
        5,  5,  5,  5,  5,  5,  5,  5,  5,  5,  5,  5,  5,  5,  5,  5,  5,
        5,  5,  5,  5,  3,  5,  5,  5,  5,  5,  5,  5,  5,  5,  5,  5,  5,
        5,  5,  5,  3,  5,  3,  5,  5,  5,  5,  5,  5,  5,  5,  5,  5,  7,
        5,  5,  5,  5,  5,  5,  5,  5,  4,  5,  5,  5,  5,  5,  5,  5,  5,
        5,  5,  5,  5,  5,  5,  5,  5,  5,  7,  5,  5,  5,  5,  5,  5,  5,
        5,  5,  5,  5,  5,  5,  5,  2,  5,  5,  2,  5,  5,  5,  5,  5,  5,
        5,  5,  5,  1,  5,  5,  5,  5,  5,  5,  5,  5,  6,  5,  5,  5,  5,
        5,  5,  5,  5,  5,  5,  5,  5,  5,  5]), array([ 1,  1,  1,  1,  8,  1,  1,  1,  1,  1,  1,  1,  1,  1,  1,  1,  1,
        1,  1,  1,  1,  1,  1,  1,  3,  1,  1,  1,  1,  1,  1,  1,  1,  1,
        1,  1,  1,  1,  1,  1,  1,  1,  1,  1,  1,  1,  1,  1,  1,  1,  1,
        1,  1,  1,  1,  1,  1,  1,  1,  1,  1,  1,  1,  1,  1,  1,  1,  1,
        1,  1,  1,  1,  1,  1,  1,  1,  1,  1,  1,  1,  1,  1,  1,  1,  1,
        1,  1,  1,  1,  1,  1,  1,  1,  1,  1,  1,  1,  1,  1,  1,  1,  1,
        1,  1,  1,  1,  1,  1,  1,  7,  1,  1,  1,  1,  1,  6,  1,  1,  1,
        1,  1,  1,  1,  1,  1,  1,  1,  1,  1,  1,  1,  1,  1,  1,  1,  1,
        1,  1,  1,  1,  1,  1,  1,  1,  1,  1,  1,  1,  1,  1,  1,  1,  1,
        1,  1,  1,  1,  2,  1,  1,  1,  1,  9,  1,  1,  1,  1,  1,  1,  3,
        1,  1,  1,  1,  1,  1,  1,  1,  1,  1,  1,  1,  1,  1,  1,  1,  1,
        1,  1,  1,  1,  1,  1,  1,  1,  6,  1,  1,  1,  1,  1,  1,  1,  1,
        1,  1,  1,  1,  1,  1,  1,  1,  1,  1,  1,  1,  1,  1,  1,  1,  1,
        1,  1,  1,  1,  1,  5,  1,  3,  1,  1,  4,  1,  1,  1,  1,  1,  1,
        1,  1,  1,  1,  1,  1,  1,  1,  1,  1,  1,  1,  1,  1,  1,  1,  1,
        3,  1,  1,  1,  1,  5,  1,  1,  1,  1,  1,  6,  1,  1,  1,  1,  1,
        1,  1,  1,  1,  1,  1, 10,  1,  1,  1,  1,  1,  6,  1,  1,  1,  1,
        1,  1,  1,  1,  1,  1,  1,  1,  1,  1,  1,  1,  1,  1,  1,  1,  1,
        3,  1,  1,  1,  1,  1,  1,  1,  1,  1,  1,  1,  1,  1,  1,  1,  1,
        1,  1,  1,  1,  1,  1,  1,  1,  1,  1,  1,  1,  1,  1,  1,  1,  1,
        3,  1,  1,  1,  1,  1,  1,  1,  1,  1,  1,  1,  1,  1,  1,  1,  1,
        1,  1,  1,  1,  1,  1,  1,  1,  1,  1,  1,  1,  1,  1,  1,  1,  1,
        1,  1,  3,  1,  1,  1,  1,  1,  1,  1,  1,  1,  1,  3,  1,  1,  1,
        1,  1,  1,  1,  1,  1,  1,  1,  1,  1,  1,  1,  1,  1,  1,  1,  1,
        1,  1,  1,  1,  1,  1,  3,  1,  1,  3,  1,  1,  1,  1,  1,  1,  1,
        1,  1,  1,  1,  1,  1,  1,  1,  1,  1,  1,  1,  1,  1,  1,  1,  1,
        1,  1,  1,  3,  1,  1,  1,  3,  3,  1,  1,  1,  1,  5,  1,  7,  7,
        1,  1,  1,  1,  1,  1,  1,  1,  1,  1,  1,  1,  1,  1,  1,  1,  1,
        1,  1,  1,  1,  1,  1,  1,  1,  1,  1,  1,  1,  1,  1,  1,  1,  1,
        1,  1,  1,  1,  1,  1,  1,  1,  1,  1,  1,  1,  1,  1,  1,  1,  1,
        1,  1,  1,  1,  1,  1,  1,  1,  1,  1,  1,  1,  1,  1,  1,  1,  1,
        1,  1,  1,  1,  1,  1,  1,  1,  1,  1,  1,  1,  1,  1,  1,  1,  1,
        1,  1,  1,  1,  1,  1,  6,  1,  1,  1,  1,  1,  1,  1,  1,  1,  1,
        1,  1,  1,  1,  1,  1,  1,  1,  1,  1,  1,  1,  1,  1,  1,  1,  1,
        1,  1,  1,  1,  7,  1,  1,  1,  1,  1,  1,  1,  1,  1,  1,  1,  1,
        1,  1,  1,  1,  1,  1,  1,  1,  1,  1,  1,  1,  1,  1,  1,  1,  5,
        1,  1,  1,  1,  1,  1,  1,  1,  6,  1,  1,  1,  1,  1,  1,  1,  1,
        1,  1,  1,  1,  1,  1,  1,  1,  1,  5,  1,  1,  1,  1,  1,  1,  1,
        1,  1,  1,  1,  1,  1,  1,  4,  1,  1,  4,  1,  1,  1,  1,  1,  1,
        1,  1,  1,  3,  1,  1,  1,  1,  1,  1,  1,  1,  2,  1,  1,  1,  1,
        1,  1,  1,  1,  1,  1,  1,  1,  1,  1]), array([ 6,  6,  6,  6,  8,  6,  6,  6,  6,  6,  6,  6,  6,  6,  6,  6,  6,
        6,  6,  6,  6,  6,  6,  6,  1,  6,  6,  6,  6,  6,  6,  6,  6,  6,
        6,  6,  6,  6,  6,  6,  6,  6,  6,  6,  6,  6,  6,  6,  6,  6,  6,
        6,  6,  6,  6,  6,  6,  6,  6,  6,  6,  6,  6,  6,  6,  6,  6,  6,
        6,  6,  6,  6,  6,  6,  6,  6,  6,  6,  6,  6,  6,  6,  6,  6,  6,
        6,  6,  6,  6,  6,  6,  6,  6,  6,  6,  6,  6,  6,  6,  6,  6,  6,
        6,  6,  6,  6,  6,  6,  6,  4,  6,  6,  6,  6,  6,  5,  6,  6,  6,
        6,  6,  6,  6,  6,  6,  6,  6,  6,  6,  6,  6,  6,  6,  6,  6,  6,
        6,  6,  6,  6,  6,  6,  6,  6,  6,  6,  6,  6,  6,  6,  6,  6,  6,
        6,  6,  6,  6,  1,  6,  6,  6,  6,  9,  6,  6,  6,  6,  6,  6,  1,
        6,  6,  6,  6,  6,  6,  6,  6,  6,  6,  6,  6,  6,  6,  6,  6,  6,
        6,  6,  6,  6,  6,  6,  6,  6,  5,  6,  6,  6,  6,  6,  6,  6,  6,
        6,  6,  6,  6,  6,  6,  6,  6,  6,  6,  6,  6,  6,  6,  6,  6,  6,
        6,  6,  6,  6,  6,  7,  6,  1,  6,  6,  2,  6,  6,  6,  6,  6,  6,
        6,  6,  6,  6,  6,  6,  6,  6,  6,  6,  6,  6,  6,  6,  6,  6,  6,
        1,  6,  6,  6,  6,  7,  6,  6,  6,  6,  6,  5,  6,  6,  6,  6,  6,
        6,  6,  6,  6,  6,  6, 10,  6,  6,  6,  6,  6,  5,  6,  6,  6,  6,
        6,  6,  6,  6,  6,  6,  6,  6,  6,  6,  6,  6,  6,  6,  6,  6,  6,
        1,  6,  6,  6,  6,  6,  6,  6,  6,  6,  6,  6,  6,  6,  6,  6,  6,
        6,  6,  6,  6,  6,  6,  6,  6,  6,  6,  6,  6,  6,  6,  6,  6,  6,
        1,  6,  6,  6,  6,  6,  6,  6,  6,  6,  6,  6,  6,  6,  6,  6,  6,
        6,  6,  6,  6,  6,  6,  6,  6,  6,  6,  6,  6,  6,  6,  6,  6,  6,
        6,  6,  1,  6,  6,  6,  6,  6,  6,  6,  6,  6,  6,  1,  6,  6,  6,
        6,  6,  6,  6,  6,  6,  6,  6,  6,  6,  6,  6,  6,  6,  6,  3,  6,
        6,  6,  6,  6,  6,  6,  1,  6,  6,  1,  6,  6,  6,  6,  6,  6,  6,
        6,  3,  6,  6,  6,  6,  6,  6,  3,  6,  6,  6,  6,  6,  6,  6,  6,
        6,  6,  6,  1,  6,  6,  6,  1,  1,  6,  6,  6,  6,  7,  6,  4,  4,
        6,  6,  6,  6,  6,  6,  6,  6,  6,  6,  6,  6,  6,  6,  6,  6,  6,
        6,  6,  6,  6,  6,  6,  6,  6,  6,  6,  6,  6,  6,  6,  6,  6,  6,
        6,  6,  6,  6,  6,  6,  6,  6,  6,  6,  6,  6,  6,  6,  6,  6,  6,
        6,  6,  6,  6,  6,  6,  6,  6,  6,  6,  6,  6,  3,  6,  6,  6,  6,
        6,  6,  6,  6,  6,  6,  6,  6,  6,  6,  6,  6,  6,  6,  6,  6,  6,
        6,  6,  6,  6,  6,  6,  5,  6,  6,  6,  6,  6,  6,  6,  6,  6,  6,
        6,  6,  6,  6,  6,  6,  6,  6,  6,  6,  6,  6,  6,  6,  6,  6,  6,
        6,  6,  6,  6,  4,  6,  6,  6,  6,  6,  6,  6,  6,  6,  6,  6,  6,
        6,  6,  6,  3,  6,  3,  6,  6,  6,  6,  6,  6,  6,  6,  6,  6,  7,
        6,  6,  6,  6,  6,  6,  6,  6,  5,  6,  6,  6,  6,  6,  6,  6,  6,
        6,  6,  6,  6,  6,  6,  6,  6,  6,  7,  6,  6,  6,  6,  6,  6,  6,
        6,  6,  6,  6,  6,  6,  6,  2,  6,  6,  2,  6,  6,  6,  6,  6,  6,
        6,  6,  6,  1,  6,  6,  6,  6,  6,  6,  6,  6,  1,  6,  6,  6,  6,
        6,  6,  6,  6,  6,  6,  6,  6,  6,  6]), array([ 4,  4,  4,  4,  8,  4,  4,  4,  4,  4,  4,  4,  4,  4,  4,  4,  4,
        4,  4,  4,  4,  4,  4,  4,  2,  4,  4,  4,  4,  4,  4,  4,  4,  4,
        4,  4,  4,  4,  4,  4,  4,  4,  4,  4,  4,  4,  4,  4,  4,  4,  4,
        4,  4,  4,  4,  4,  4,  4,  4,  4,  4,  4,  4,  4,  4,  4,  4,  4,
        4,  4,  4,  4,  4,  4,  4,  4,  4,  4,  4,  4,  4,  4,  4,  4,  4,
        4,  4,  4,  4,  4,  4,  4,  4,  4,  4,  4,  4,  4,  4,  4,  4,  4,
        4,  4,  4,  4,  4,  4,  4,  7,  4,  4,  4,  4,  4,  3,  4,  4,  4,
        4,  4,  4,  4,  4,  4,  4,  4,  4,  4,  4,  4,  4,  4,  4,  4,  4,
        4,  4,  4,  4,  4,  4,  4,  4,  4,  4,  4,  4,  4,  4,  4,  4,  4,
        4,  4,  4,  4,  2,  4,  4,  4,  4,  9,  4,  4,  4,  4,  4,  4,  2,
        4,  4,  4,  4,  4,  4,  4,  4,  4,  4,  4,  4,  4,  4,  4,  4,  4,
        4,  4,  4,  4,  4,  4,  4,  4,  3,  4,  4,  4,  4,  4,  4,  4,  4,
        4,  4,  4,  4,  4,  4,  4,  4,  4,  4,  4,  4,  4,  4,  4,  4,  4,
        4,  4,  4,  4,  4,  6,  4,  2,  4,  4,  5,  4,  4,  4,  4,  4,  4,
        4,  4,  4,  4,  4,  4,  4,  4,  4,  4,  4,  4,  4,  4,  4,  4,  4,
        2,  4,  4,  4,  4,  6,  4,  4,  4,  4,  4,  3,  4,  4,  4,  4,  4,
        4,  4,  4,  4,  4,  4, 10,  4,  4,  4,  4,  4,  3,  4,  4,  4,  4,
        4,  4,  4,  4,  4,  4,  4,  4,  4,  4,  4,  4,  4,  4,  4,  4,  4,
        2,  4,  4,  4,  4,  4,  4,  4,  4,  4,  4,  4,  4,  4,  4,  4,  4,
        4,  4,  4,  4,  4,  4,  4,  4,  4,  4,  4,  4,  4,  4,  4,  4,  4,
        2,  4,  4,  4,  4,  4,  4,  4,  4,  4,  4,  4,  4,  4,  4,  4,  4,
        4,  4,  4,  4,  4,  4,  4,  4,  4,  4,  4,  4,  4,  4,  4,  4,  4,
        4,  4,  2,  4,  4,  4,  4,  4,  4,  4,  4,  4,  4,  2,  4,  4,  4,
        4,  4,  4,  4,  4,  4,  4,  4,  4,  4,  4,  4,  4,  4,  4,  1,  4,
        4,  4,  4,  4,  4,  4,  2,  4,  4,  2,  4,  4,  4,  4,  4,  4,  4,
        4,  1,  4,  4,  4,  4,  4,  4,  1,  4,  4,  4,  4,  4,  4,  4,  4,
        4,  4,  4,  2,  4,  4,  4,  2,  2,  4,  4,  4,  4,  6,  4,  7,  7,
        4,  4,  4,  4,  4,  4,  4,  4,  4,  4,  4,  4,  4,  4,  4,  4,  4,
        4,  4,  4,  4,  4,  4,  4,  4,  4,  4,  4,  4,  4,  4,  4,  4,  4,
        4,  4,  4,  4,  4,  4,  4,  4,  4,  4,  4,  4,  4,  4,  4,  4,  4,
        4,  4,  4,  4,  4,  4,  4,  4,  4,  4,  4,  4,  1,  4,  4,  4,  4,
        4,  4,  4,  4,  4,  4,  4,  4,  4,  4,  4,  4,  4,  4,  4,  4,  4,
        4,  4,  4,  4,  4,  4,  3,  4,  4,  4,  4,  4,  4,  4,  4,  4,  4,
        4,  4,  4,  4,  4,  4,  4,  4,  4,  4,  4,  4,  4,  4,  4,  4,  4,
        4,  4,  4,  4,  7,  4,  4,  4,  4,  4,  4,  4,  4,  4,  4,  4,  4,
        4,  4,  4,  1,  4,  1,  4,  4,  4,  4,  4,  4,  4,  4,  4,  4,  6,
        4,  4,  4,  4,  4,  4,  4,  4,  3,  4,  4,  4,  4,  4,  4,  4,  4,
        4,  4,  4,  4,  4,  4,  4,  4,  4,  6,  4,  4,  4,  4,  4,  4,  4,
        4,  4,  4,  4,  4,  4,  4,  5,  4,  4,  5,  4,  4,  4,  4,  4,  4,
        4,  4,  4,  2,  4,  4,  4,  4,  4,  4,  4,  4,  2,  4,  4,  4,  4,
        4,  4,  4,  4,  4,  4,  4,  4,  4,  4]), array([ 4,  4,  4,  4,  8,  4,  4,  4,  4,  4,  4,  4,  4,  4,  4,  4,  4,
        4,  4,  4,  4,  4,  4,  4,  2,  4,  4,  4,  4,  4,  4,  4,  4,  4,
        4,  4,  4,  4,  4,  4,  4,  4,  4,  4,  4,  4,  4,  4,  4,  4,  4,
        4,  4,  4,  4,  4,  4,  4,  4,  4,  4,  4,  4,  4,  4,  4,  4,  4,
        4,  4,  4,  4,  4,  4,  4,  4,  4,  4,  4,  4,  4,  4,  4,  4,  4,
        4,  4,  4,  4,  4,  4,  4,  4,  4,  4,  4,  4,  4,  4,  4,  4,  4,
        4,  4,  4,  4,  4,  4,  4,  7,  4,  4,  4,  4,  4,  3,  4,  4,  4,
        4,  4,  4,  4,  4,  4,  4,  4,  4,  4,  4,  4,  4,  4,  4,  4,  4,
        4,  4,  4,  4,  4,  4,  4,  4,  4,  4,  4,  4,  4,  4,  4,  4,  4,
        4,  4,  4,  4,  2,  4,  4,  4,  4,  9,  4,  4,  4,  4,  4,  4,  2,
        4,  4,  4,  4,  4,  4,  4,  4,  4,  4,  4,  4,  4,  4,  4,  4,  4,
        4,  4,  4,  4,  4,  4,  4,  4,  3,  4,  4,  4,  4,  4,  4,  4,  4,
        4,  4,  4,  4,  4,  4,  4,  4,  4,  4,  4,  4,  4,  4,  4,  4,  4,
        4,  4,  4,  4,  4,  6,  4,  2,  4,  4,  5,  4,  4,  4,  4,  4,  4,
        4,  4,  4,  4,  4,  4,  4,  4,  4,  4,  4,  4,  4,  4,  4,  4,  4,
        2,  4,  4,  4,  4,  6,  4,  4,  4,  4,  4,  3,  4,  4,  4,  4,  4,
        4,  4,  4,  4,  4,  4, 10,  4,  4,  4,  4,  4,  3,  4,  4,  4,  4,
        4,  4,  4,  4,  4,  4,  4,  4,  4,  4,  4,  4,  4,  4,  4,  4,  4,
        2,  4,  4,  4,  4,  4,  4,  4,  4,  4,  4,  4,  4,  4,  4,  4,  4,
        4,  4,  4,  4,  4,  4,  4,  4,  4,  4,  4,  4,  4,  4,  4,  4,  4,
        2,  4,  4,  4,  4,  4,  4,  4,  4,  4,  4,  4,  4,  4,  4,  4,  4,
        4,  4,  4,  4,  4,  4,  4,  4,  4,  4,  4,  4,  4,  4,  4,  4,  4,
        4,  4,  2,  4,  4,  4,  4,  4,  4,  4,  4,  4,  4,  2,  4,  4,  4,
        4,  4,  4,  4,  4,  4,  4,  4,  4,  4,  4,  4,  4,  4,  4,  1,  4,
        4,  4,  4,  4,  4,  4,  2,  4,  4,  2,  4,  4,  4,  4,  4,  4,  4,
        4,  1,  4,  4,  4,  4,  4,  4,  1,  4,  4,  4,  4,  4,  4,  4,  4,
        4,  4,  4,  2,  4,  4,  4,  2,  2,  4,  4,  4,  4,  6,  4,  7,  7,
        4,  4,  4,  4,  4,  4,  4,  4,  4,  4,  4,  4,  4,  4,  4,  4,  4,
        4,  4,  4,  4,  4,  4,  4,  4,  4,  4,  4,  4,  4,  4,  4,  4,  4,
        4,  4,  4,  4,  4,  4,  4,  4,  4,  4,  4,  4,  4,  4,  4,  4,  4,
        4,  4,  4,  4,  4,  4,  4,  4,  4,  4,  4,  4,  1,  4,  4,  4,  4,
        4,  4,  4,  4,  4,  4,  4,  4,  4,  4,  4,  4,  4,  4,  4,  4,  4,
        4,  4,  4,  4,  4,  4,  3,  4,  4,  4,  4,  4,  4,  4,  4,  4,  4,
        4,  4,  4,  4,  4,  4,  4,  4,  4,  4,  4,  4,  4,  4,  4,  4,  4,
        4,  4,  4,  4,  7,  4,  4,  4,  4,  4,  4,  4,  4,  4,  4,  4,  4,
        4,  4,  4,  1,  4,  1,  4,  4,  4,  4,  4,  4,  4,  4,  4,  4,  6,
        4,  4,  4,  4,  4,  4,  4,  4,  3,  4,  4,  4,  4,  4,  4,  4,  4,
        4,  4,  4,  4,  4,  4,  4,  4,  4,  6,  4,  4,  4,  4,  4,  4,  4,
        4,  4,  4,  4,  4,  4,  4,  5,  4,  4,  5,  4,  4,  4,  4,  4,  4,
        4,  4,  4,  2,  4,  4,  4,  4,  4,  4,  4,  4,  2,  4,  4,  4,  4,
        4,  4,  4,  4,  4,  4,  4,  4,  4,  4]), array([ 4,  4,  4,  4,  8,  4,  4,  4,  4,  4,  4,  4,  4,  4,  4,  4,  4,
        4,  4,  4,  4,  4,  4,  4,  2,  4,  4,  4,  4,  4,  4,  4,  4,  4,
        4,  4,  4,  4,  4,  4,  4,  4,  4,  4,  4,  4,  4,  4,  4,  4,  4,
        4,  4,  4,  4,  4,  4,  4,  4,  4,  4,  4,  4,  4,  4,  4,  4,  4,
        4,  4,  4,  4,  4,  4,  4,  4,  4,  4,  4,  4,  4,  4,  4,  4,  4,
        4,  4,  4,  4,  4,  4,  4,  4,  4,  4,  4,  4,  4,  4,  4,  4,  4,
        4,  4,  4,  4,  4,  4,  4,  7,  4,  4,  4,  4,  4,  3,  4,  4,  4,
        4,  4,  4,  4,  4,  4,  4,  4,  4,  4,  4,  4,  4,  4,  4,  4,  4,
        4,  4,  4,  4,  4,  4,  4,  4,  4,  4,  4,  4,  4,  4,  4,  4,  4,
        4,  4,  4,  4,  2,  4,  4,  4,  4,  9,  4,  4,  4,  4,  4,  4,  2,
        4,  4,  4,  4,  4,  4,  4,  4,  4,  4,  4,  4,  4,  4,  4,  4,  4,
        4,  4,  4,  4,  4,  4,  4,  4,  3,  4,  4,  4,  4,  4,  4,  4,  4,
        4,  4,  4,  4,  4,  4,  4,  4,  4,  4,  4,  4,  4,  4,  4,  4,  4,
        4,  4,  4,  4,  4,  6,  4,  2,  4,  4,  5,  4,  4,  4,  4,  4,  4,
        4,  4,  4,  4,  4,  4,  4,  4,  4,  4,  4,  4,  4,  4,  4,  4,  4,
        2,  4,  4,  4,  4,  6,  4,  4,  4,  4,  4,  3,  4,  4,  4,  4,  4,
        4,  4,  4,  4,  4,  4, 10,  4,  4,  4,  4,  4,  3,  4,  4,  4,  4,
        4,  4,  4,  4,  4,  4,  4,  4,  4,  4,  4,  4,  4,  4,  4,  4,  4,
        2,  4,  4,  4,  4,  4,  4,  4,  4,  4,  4,  4,  4,  4,  4,  4,  4,
        4,  4,  4,  4,  4,  4,  4,  4,  4,  4,  4,  4,  4,  4,  4,  4,  4,
        2,  4,  4,  4,  4,  4,  4,  4,  4,  4,  4,  4,  4,  4,  4,  4,  4,
        4,  4,  4,  4,  4,  4,  4,  4,  4,  4,  4,  4,  4,  4,  4,  4,  4,
        4,  4,  2,  4,  4,  4,  4,  4,  4,  4,  4,  4,  4,  2,  4,  4,  4,
        4,  4,  4,  4,  4,  4,  4,  4,  4,  4,  4,  4,  4,  4,  4,  1,  4,
        4,  4,  4,  4,  4,  4,  2,  4,  4,  2,  4,  4,  4,  4,  4,  4,  4,
        4,  1,  4,  4,  4,  4,  4,  4,  1,  4,  4,  4,  4,  4,  4,  4,  4,
        4,  4,  4,  2,  4,  4,  4,  2,  2,  4,  4,  4,  4,  6,  4,  7,  7,
        4,  4,  4,  4,  4,  4,  4,  4,  4,  4,  4,  4,  4,  4,  4,  4,  4,
        4,  4,  4,  4,  4,  4,  4,  4,  4,  4,  4,  4,  4,  4,  4,  4,  4,
        4,  4,  4,  4,  4,  4,  4,  4,  4,  4,  4,  4,  4,  4,  4,  4,  4,
        4,  4,  4,  4,  4,  4,  4,  4,  4,  4,  4,  4,  1,  4,  4,  4,  4,
        4,  4,  4,  4,  4,  4,  4,  4,  4,  4,  4,  4,  4,  4,  4,  4,  4,
        4,  4,  4,  4,  4,  4,  3,  4,  4,  4,  4,  4,  4,  4,  4,  4,  4,
        4,  4,  4,  4,  4,  4,  4,  4,  4,  4,  4,  4,  4,  4,  4,  4,  4,
        4,  4,  4,  4,  7,  4,  4,  4,  4,  4,  4,  4,  4,  4,  4,  4,  4,
        4,  4,  4,  1,  4,  1,  4,  4,  4,  4,  4,  4,  4,  4,  4,  4,  6,
        4,  4,  4,  4,  4,  4,  4,  4,  3,  4,  4,  4,  4,  4,  4,  4,  4,
        4,  4,  4,  4,  4,  4,  4,  4,  4,  6,  4,  4,  4,  4,  4,  4,  4,
        4,  4,  4,  4,  4,  4,  4,  5,  4,  4,  5,  4,  4,  4,  4,  4,  4,
        4,  4,  4,  2,  4,  4,  4,  4,  4,  4,  4,  4,  2,  4,  4,  4,  4,
        4,  4,  4,  4,  4,  4,  4,  4,  4,  4]), array([ 2,  2,  2,  2,  8,  2,  2,  2,  2,  2,  2,  2,  2,  2,  2,  2,  2,
        2,  2,  2,  2,  2,  2,  2,  3,  2,  2,  2,  2,  2,  2,  2,  2,  2,
        2,  2,  2,  2,  2,  2,  2,  2,  2,  2,  2,  2,  2,  2,  2,  2,  2,
        2,  2,  2,  2,  2,  2,  2,  2,  2,  2,  2,  2,  2,  2,  2,  2,  2,
        2,  2,  2,  2,  2,  2,  2,  2,  2,  2,  2,  2,  2,  2,  2,  2,  2,
        2,  2,  2,  2,  2,  2,  2,  2,  2,  2,  2,  2,  2,  2,  2,  2,  2,
        2,  2,  2,  2,  2,  2,  2,  6,  2,  2,  2,  2,  2,  1,  2,  2,  2,
        2,  2,  2,  2,  2,  2,  2,  2,  2,  2,  2,  2,  2,  2,  2,  2,  2,
        2,  2,  2,  2,  2,  2,  2,  2,  2,  2,  2,  2,  2,  2,  2,  2,  2,
        2,  2,  2,  2,  3,  2,  2,  2,  2,  9,  2,  2,  2,  2,  2,  2,  3,
        2,  2,  2,  2,  2,  2,  2,  2,  2,  2,  2,  2,  2,  2,  2,  2,  2,
        2,  2,  2,  2,  2,  2,  2,  2,  1,  2,  2,  2,  2,  2,  2,  2,  2,
        2,  2,  2,  2,  2,  2,  2,  2,  2,  2,  2,  2,  2,  2,  2,  2,  2,
        2,  2,  2,  2,  2,  7,  2,  3,  2,  2,  4,  2,  2,  2,  2,  2,  2,
        2,  2,  2,  2,  2,  2,  2,  2,  2,  2,  2,  2,  2,  2,  2,  2,  2,
        3,  2,  2,  2,  2,  7,  2,  2,  2,  2,  2,  1,  2,  2,  2,  2,  2,
        2,  2,  2,  2,  2,  2, 10,  2,  2,  2,  2,  2,  1,  2,  2,  2,  2,
        2,  2,  2,  2,  2,  2,  2,  2,  2,  2,  2,  2,  2,  2,  2,  2,  2,
        3,  2,  2,  2,  2,  2,  2,  2,  2,  2,  2,  2,  2,  2,  2,  2,  2,
        2,  2,  2,  2,  2,  2,  2,  2,  2,  2,  2,  2,  2,  2,  2,  2,  2,
        3,  2,  2,  2,  2,  2,  2,  2,  2,  2,  2,  2,  2,  2,  2,  2,  2,
        2,  2,  2,  2,  2,  2,  2,  2,  2,  2,  2,  2,  2,  2,  2,  2,  2,
        2,  2,  3,  2,  2,  2,  2,  2,  2,  2,  2,  2,  2,  3,  2,  2,  2,
        2,  2,  2,  2,  2,  2,  2,  2,  2,  2,  2,  2,  2,  2,  2,  5,  2,
        2,  2,  2,  2,  2,  2,  3,  2,  2,  3,  2,  2,  2,  2,  2,  2,  2,
        2,  5,  2,  2,  2,  2,  2,  2,  5,  2,  2,  2,  2,  2,  2,  2,  2,
        2,  2,  2,  3,  2,  2,  2,  3,  3,  2,  2,  2,  2,  7,  2,  6,  6,
        2,  2,  2,  2,  2,  2,  2,  2,  2,  2,  2,  2,  2,  2,  2,  2,  2,
        2,  2,  2,  2,  2,  2,  2,  2,  2,  2,  2,  2,  2,  2,  2,  2,  2,
        2,  2,  2,  2,  2,  2,  2,  2,  2,  2,  2,  2,  2,  2,  2,  2,  2,
        2,  2,  2,  2,  2,  2,  2,  2,  2,  2,  2,  2,  5,  2,  2,  2,  2,
        2,  2,  2,  2,  2,  2,  2,  2,  2,  2,  2,  2,  2,  2,  2,  2,  2,
        2,  2,  2,  2,  2,  2,  1,  2,  2,  2,  2,  2,  2,  2,  2,  2,  2,
        2,  2,  2,  2,  2,  2,  2,  2,  2,  2,  2,  2,  2,  2,  2,  2,  2,
        2,  2,  2,  2,  6,  2,  2,  2,  2,  2,  2,  2,  2,  2,  2,  2,  2,
        2,  2,  2,  5,  2,  5,  2,  2,  2,  2,  2,  2,  2,  2,  2,  2,  7,
        2,  2,  2,  2,  2,  2,  2,  2,  1,  2,  2,  2,  2,  2,  2,  2,  2,
        2,  2,  2,  2,  2,  2,  2,  2,  2,  7,  2,  2,  2,  2,  2,  2,  2,
        2,  2,  2,  2,  2,  2,  2,  4,  2,  2,  4,  2,  2,  2,  2,  2,  2,
        2,  2,  2,  3,  2,  2,  2,  2,  2,  2,  2,  2,  3,  2,  2,  2,  2,
        2,  2,  2,  2,  2,  2,  2,  2,  2,  2]), array([ 6,  6,  6,  6,  8,  6,  6,  6,  6,  6,  6,  6,  6,  6,  6,  6,  6,
        6,  6,  6,  6,  6,  6,  6,  2,  6,  6,  6,  6,  6,  6,  6,  6,  6,
        6,  6,  6,  6,  6,  6,  6,  6,  6,  6,  6,  6,  6,  6,  6,  6,  6,
        6,  6,  6,  6,  6,  6,  6,  6,  6,  6,  6,  6,  6,  6,  6,  6,  6,
        6,  6,  6,  6,  6,  6,  6,  6,  6,  6,  6,  6,  6,  6,  6,  6,  6,
        6,  6,  6,  6,  6,  6,  6,  6,  6,  6,  6,  6,  6,  6,  6,  6,  6,
        6,  6,  6,  6,  6,  6,  6,  3,  6,  6,  6,  6,  6,  5,  6,  6,  6,
        6,  6,  6,  6,  6,  6,  6,  6,  6,  6,  6,  6,  6,  6,  6,  6,  6,
        6,  6,  6,  6,  6,  6,  6,  6,  6,  6,  6,  6,  6,  6,  6,  6,  6,
        6,  6,  6,  6,  2,  6,  6,  6,  6,  9,  6,  6,  6,  6,  6,  6,  2,
        6,  6,  6,  6,  6,  6,  6,  6,  6,  6,  6,  6,  6,  6,  6,  6,  6,
        6,  6,  6,  6,  6,  6,  6,  6,  5,  6,  6,  6,  6,  6,  6,  6,  6,
        6,  6,  4,  6,  6,  6,  6,  6,  6,  6,  6,  6,  6,  6,  6,  6,  6,
        6,  6,  6,  6,  6,  7,  6,  2,  6,  6,  1,  6,  6,  6,  6,  6,  6,
        6,  6,  6,  6,  6,  6,  6,  6,  6,  6,  6,  6,  6,  6,  6,  6,  6,
        2,  6,  6,  6,  6,  7,  6,  6,  6,  6,  6,  5,  6,  6,  6,  6,  6,
        6,  6,  6,  6,  6,  6, 10,  6,  6,  6,  6,  6,  5,  6,  6,  6,  6,
        6,  6,  6,  6,  6,  6,  6,  6,  6,  6,  6,  4,  6,  6,  6,  6,  6,
        2,  6,  6,  6,  6,  6,  6,  6,  6,  6,  6,  6,  6,  6,  6,  6,  6,
        6,  6,  6,  6,  6,  6,  6,  6,  6,  6,  6,  6,  6,  6,  6,  6,  6,
        2,  6,  6,  6,  6,  6,  6,  6,  6,  6,  6,  6,  6,  6,  6,  6,  6,
        6,  6,  6,  6,  6,  6,  6,  6,  6,  6,  6,  6,  6,  6,  6,  6,  6,
        6,  6,  2,  6,  6,  6,  6,  6,  6,  6,  6,  6,  6,  2,  6,  6,  6,
        6,  6,  6,  6,  6,  6,  6,  6,  6,  6,  6,  6,  6,  6,  6,  4,  6,
        6,  6,  6,  6,  6,  6,  2,  6,  6,  2,  6,  6,  6,  6,  6,  6,  6,
        6,  4,  6,  6,  6,  6,  6,  6,  4,  6,  6,  6,  6,  6,  6,  6,  6,
        6,  6,  6,  2,  6,  6,  6,  2,  2,  6,  6,  6,  6,  7,  6,  3,  3,
        6,  6,  6,  6,  6,  6,  6,  6,  6,  6,  6,  6,  6,  6,  6,  6,  6,
        6,  6,  6,  6,  6,  6,  6,  6,  6,  6,  6,  6,  6,  6,  6,  6,  6,
        6,  6,  6,  6,  6,  6,  6,  6,  6,  6,  6,  6,  6,  6,  6,  6,  6,
        6,  6,  6,  6,  6,  6,  6,  6,  6,  6,  6,  6,  4,  6,  6,  6,  6,
        6,  6,  6,  6,  6,  6,  6,  6,  6,  6,  6,  6,  6,  6,  6,  6,  6,
        6,  6,  6,  6,  6,  6,  5,  6,  6,  6,  6,  6,  6,  6,  6,  6,  6,
        6,  6,  6,  6,  6,  6,  6,  6,  6,  6,  6,  6,  6,  6,  6,  6,  6,
        6,  6,  6,  6,  3,  6,  6,  6,  6,  6,  6,  6,  6,  6,  6,  6,  6,
        6,  6,  6,  4,  6,  4,  6,  6,  6,  6,  6,  6,  6,  6,  6,  6,  7,
        6,  6,  6,  6,  6,  6,  6,  6,  5,  6,  6,  6,  6,  6,  6,  6,  6,
        6,  6,  6,  6,  6,  6,  6,  6,  6,  7,  6,  6,  6,  6,  6,  6,  6,
        6,  6,  6,  6,  6,  6,  6,  1,  6,  6,  1,  6,  6,  6,  6,  6,  6,
        6,  6,  6,  2,  6,  6,  6,  6,  6,  6,  6,  6,  2,  6,  6,  6,  6,
        6,  6,  6,  6,  6,  6,  6,  6,  6,  6]), array([ 4,  4,  4,  4,  8,  4,  4,  4,  4,  4,  4,  4,  4,  4,  4,  4,  4,
        4,  4,  4,  4,  4,  4,  4,  2,  4,  4,  4,  4,  4,  4,  4,  4,  4,
        4,  4,  4,  4,  4,  4,  4,  4,  4,  4,  4,  4,  4,  4,  4,  4,  4,
        4,  4,  4,  4,  4,  4,  4,  4,  4,  4,  4,  4,  4,  4,  4,  4,  4,
        4,  4,  4,  4,  4,  4,  4,  4,  4,  4,  4,  4,  4,  4,  4,  4,  4,
        4,  4,  4,  4,  4,  4,  4,  4,  4,  4,  4,  4,  4,  4,  4,  4,  4,
        4,  4,  4,  4,  4,  4,  4,  7,  4,  4,  4,  4,  4,  3,  4,  4,  4,
        4,  4,  4,  4,  4,  4,  4,  4,  4,  4,  4,  4,  4,  4,  4,  4,  4,
        4,  4,  4,  4,  4,  4,  4,  4,  4,  4,  4,  4,  4,  4,  4,  4,  4,
        4,  4,  4,  4,  2,  4,  4,  4,  4,  9,  4,  4,  4,  4,  4,  4,  2,
        4,  4,  4,  4,  4,  4,  4,  4,  4,  4,  4,  4,  4,  4,  4,  4,  4,
        4,  4,  4,  4,  4,  4,  4,  4,  3,  4,  4,  4,  4,  4,  4,  4,  4,
        4,  4,  4,  4,  4,  4,  4,  4,  4,  4,  4,  4,  4,  4,  4,  4,  4,
        4,  4,  4,  4,  4,  6,  4,  2,  4,  4,  5,  4,  4,  4,  4,  4,  4,
        4,  4,  4,  4,  4,  4,  4,  4,  4,  4,  4,  4,  4,  4,  4,  4,  4,
        2,  4,  4,  4,  4,  6,  4,  4,  4,  4,  4,  3,  4,  4,  4,  4,  4,
        4,  4,  4,  4,  4,  4, 10,  4,  4,  4,  4,  4,  3,  4,  4,  4,  4,
        4,  4,  4,  4,  4,  4,  4,  4,  4,  4,  4,  4,  4,  4,  4,  4,  4,
        2,  4,  4,  4,  4,  4,  4,  4,  4,  4,  4,  4,  4,  4,  4,  4,  4,
        4,  4,  4,  4,  4,  4,  4,  4,  4,  4,  4,  4,  4,  4,  4,  4,  4,
        2,  4,  4,  4,  4,  4,  4,  4,  4,  4,  4,  4,  4,  4,  4,  4,  4,
        4,  4,  4,  4,  4,  4,  4,  4,  4,  4,  4,  4,  4,  4,  4,  4,  4,
        4,  4,  2,  4,  4,  4,  4,  4,  4,  4,  4,  4,  4,  2,  4,  4,  4,
        4,  4,  4,  4,  4,  4,  4,  4,  4,  4,  4,  4,  4,  4,  4,  1,  4,
        4,  4,  4,  4,  4,  4,  2,  4,  4,  2,  4,  4,  4,  4,  4,  4,  4,
        4,  1,  4,  4,  4,  4,  4,  4,  1,  4,  4,  4,  4,  4,  4,  4,  4,
        4,  4,  4,  2,  4,  4,  4,  2,  2,  4,  4,  4,  4,  6,  4,  7,  7,
        4,  4,  4,  4,  4,  4,  4,  4,  4,  4,  4,  4,  4,  4,  4,  4,  4,
        4,  4,  4,  4,  4,  4,  4,  4,  4,  4,  4,  4,  4,  4,  4,  4,  4,
        4,  4,  4,  4,  4,  4,  4,  4,  4,  4,  4,  4,  4,  4,  4,  4,  4,
        4,  4,  4,  4,  4,  4,  4,  4,  4,  4,  4,  4,  1,  4,  4,  4,  4,
        4,  4,  4,  4,  4,  4,  4,  4,  4,  4,  4,  4,  4,  4,  4,  4,  4,
        4,  4,  4,  4,  4,  4,  3,  4,  4,  4,  4,  4,  4,  4,  4,  4,  4,
        4,  4,  4,  4,  4,  4,  4,  4,  4,  4,  4,  4,  4,  4,  4,  4,  4,
        4,  4,  4,  4,  7,  4,  4,  4,  4,  4,  4,  4,  4,  4,  4,  4,  4,
        4,  4,  4,  1,  4,  1,  4,  4,  4,  4,  4,  4,  4,  4,  4,  4,  6,
        4,  4,  4,  4,  4,  4,  4,  4,  3,  4,  4,  4,  4,  4,  4,  4,  4,
        4,  4,  4,  4,  4,  4,  4,  4,  4,  6,  4,  4,  4,  4,  4,  4,  4,
        4,  4,  4,  4,  4,  4,  4,  5,  4,  4,  5,  4,  4,  4,  4,  4,  4,
        4,  4,  4,  2,  4,  4,  4,  4,  4,  4,  4,  4,  2,  4,  4,  4,  4,
        4,  4,  4,  4,  4,  4,  4,  4,  4,  4]), array([ 3,  3,  3,  3,  8,  3,  3,  3,  3,  3,  3,  3,  3,  3,  3,  3,  3,
        3,  3,  3,  3,  3,  3,  3,  1,  3,  3,  3,  3,  3,  3,  3,  3,  3,
        3,  3,  3,  3,  3,  3,  3,  3,  3,  3,  3,  3,  3,  3,  3,  3,  3,
        3,  3,  3,  3,  3,  3,  3,  3,  3,  3,  3,  3,  3,  3,  3,  3,  3,
        3,  3,  3,  3,  3,  3,  3,  3,  3,  3,  3,  3,  3,  3,  3,  3,  3,
        3,  3,  3,  3,  3,  3,  3,  3,  3,  3,  3,  3,  3,  3,  3,  3,  3,
        3,  3,  3,  3,  3,  3,  3,  7,  3,  3,  3,  3,  3,  2,  3,  3,  3,
        3,  3,  3,  3,  3,  3,  3,  3,  3,  3,  3,  3,  3,  3,  3,  3,  3,
        3,  3,  3,  3,  3,  3,  3,  3,  3,  3,  3,  3,  3,  3,  3,  3,  3,
        3,  3,  3,  3,  4,  3,  3,  3,  3,  9,  3,  3,  3,  3,  3,  3,  1,
        3,  3,  3,  3,  3,  3,  3,  3,  3,  3,  3,  3,  3,  3,  3,  3,  3,
        3,  3,  3,  3,  3,  3,  3,  3,  2,  3,  3,  3,  3,  3,  3,  3,  3,
        3,  3,  3,  3,  3,  3,  3,  3,  3,  3,  3,  3,  3,  3,  3,  3,  3,
        3,  3,  3,  3,  3,  6,  3,  1,  3,  3,  5,  3,  3,  3,  3,  3,  3,
        3,  3,  3,  3,  3,  3,  3,  3,  3,  3,  3,  3,  3,  3,  3,  3,  3,
        1,  3,  3,  3,  3,  6,  3,  3,  3,  3,  3,  2,  3,  3,  3,  3,  3,
        3,  3,  3,  3,  3,  3, 10,  3,  3,  3,  3,  3,  2,  3,  3,  3,  3,
        3,  3,  3,  3,  3,  3,  3,  3,  3,  3,  3,  3,  3,  3,  3,  3,  3,
        1,  3,  3,  3,  3,  3,  3,  3,  3,  3,  3,  3,  3,  3,  3,  3,  3,
        3,  3,  3,  3,  3,  3,  3,  3,  3,  3,  3,  3,  3,  3,  3,  3,  3,
        1,  3,  3,  3,  3,  3,  3,  3,  3,  3,  3,  3,  3,  3,  3,  3,  3,
        3,  3,  3,  3,  3,  3,  3,  3,  3,  3,  3,  3,  3,  3,  3,  3,  3,
        3,  3,  1,  3,  3,  3,  3,  3,  3,  3,  3,  3,  3,  1,  3,  3,  3,
        3,  3,  3,  3,  3,  3,  3,  3,  3,  3,  3,  3,  3,  3,  3,  3,  3,
        3,  3,  3,  3,  3,  3,  1,  3,  3,  1,  3,  3,  3,  3,  3,  3,  3,
        3,  3,  3,  3,  3,  3,  3,  3,  3,  3,  3,  3,  3,  3,  3,  3,  3,
        3,  3,  3,  1,  3,  3,  3,  1,  1,  3,  3,  3,  3,  6,  3,  7,  7,
        3,  3,  3,  3,  3,  3,  3,  3,  3,  3,  3,  3,  3,  3,  3,  3,  3,
        3,  3,  3,  3,  3,  3,  3,  3,  3,  3,  3,  3,  3,  3,  3,  3,  3,
        3,  3,  3,  3,  3,  3,  3,  3,  3,  3,  3,  3,  3,  3,  3,  3,  3,
        3,  3,  3,  3,  3,  3,  3,  3,  3,  3,  3,  3,  3,  3,  3,  3,  3,
        3,  3,  3,  3,  3,  3,  3,  3,  3,  3,  3,  3,  3,  3,  3,  3,  3,
        3,  3,  3,  3,  3,  3,  2,  3,  3,  3,  3,  3,  3,  3,  3,  3,  3,
        3,  3,  3,  3,  3,  3,  3,  3,  3,  3,  3,  3,  3,  3,  3,  3,  3,
        3,  3,  3,  3,  7,  3,  3,  3,  3,  3,  3,  3,  3,  3,  3,  3,  3,
        3,  3,  3,  3,  3,  3,  3,  3,  3,  3,  3,  3,  3,  3,  3,  3,  6,
        3,  3,  3,  3,  3,  3,  3,  3,  2,  3,  3,  3,  3,  3,  3,  3,  3,
        3,  3,  3,  3,  3,  3,  3,  3,  3,  6,  3,  3,  3,  3,  3,  3,  3,
        3,  3,  3,  3,  3,  3,  3,  5,  3,  3,  5,  3,  3,  3,  3,  3,  3,
        3,  3,  3,  1,  3,  3,  3,  3,  3,  3,  3,  3,  4,  3,  3,  3,  3,
        3,  3,  3,  3,  3,  3,  3,  3,  3,  3])]
2025-12-26 09:27:55,660 - INFO - Metrics (Raw): [{'ACC': 0.21884057971014492, 'NMI': 0.05095513746242463, 'Purity': 0.25072463768115943, 'AR': -0.009092710096591057, 'RI': 0.21877537283607834, 'MI': 0.7812246271639217, 'HI': -0.5624492543278433, 'F-Score': 0.2333026435846727, 'Precision': 0.13509223222055405, 'Recall': 0.8545504037746121, 'Entropy': 0.15059105686535185, 'SDCS': 203.13432884560785, 'RME': 0.014492753623188406, 'Bal': 0.0015455950540958269, 'Time': 0.06893372535705566}, {'ACC': 0.21884057971014492, 'NMI': 0.04445301970271098, 'Purity': 0.25072463768115943, 'AR': -0.006480021614593413, 'RI': 0.20900696241139227, 'MI': 0.7909930375886077, 'HI': -0.5819860751772155, 'F-Score': 0.23588697387296956, 'Precision': 0.1362509624232409, 'Recall': 0.8777787859540876, 'Entropy': 0.13335703114754607, 'SDCS': 205.23374208177583, 'RME': 0.014492753623188406, 'Bal': 0.0015313935681470138, 'Time': 0.0725395679473877}, {'ACC': 0.21594202898550724, 'NMI': 0.04679881423742789, 'Purity': 0.24782608695652175, 'AR': -0.009359440160773344, 'RI': 0.21855661429082265, 'MI': 0.7814433857091774, 'HI': -0.5628867714183546, 'F-Score': 0.23310061805105425, 'Precision': 0.13497489839827875, 'Recall': 0.8538245168315035, 'Entropy': 0.15103277469247472, 'SDCS': 203.13651676752863, 'RME': 0.014492753623188406, 'Bal': 0.0015455950540958269, 'Time': 0.07121872901916504}, {'ACC': 0.21594202898550724, 'NMI': 0.04679881423742789, 'Purity': 0.24782608695652175, 'AR': -0.009359440160773344, 'RI': 0.21855661429082265, 'MI': 0.7814433857091774, 'HI': -0.5628867714183546, 'F-Score': 0.23310061805105425, 'Precision': 0.13497489839827875, 'Recall': 0.8538245168315035, 'Entropy': 0.15103277469247472, 'SDCS': 203.13651676752863, 'RME': 0.014492753623188406, 'Bal': 0.0015455950540958269, 'Time': 0.067230224609375}, {'ACC': 0.21594202898550724, 'NMI': 0.04679881423742789, 'Purity': 0.24782608695652175, 'AR': -0.009359440160773344, 'RI': 0.21855661429082265, 'MI': 0.7814433857091774, 'HI': -0.5628867714183546, 'F-Score': 0.23310061805105425, 'Precision': 0.13497489839827875, 'Recall': 0.8538245168315035, 'Entropy': 0.15103277469247472, 'SDCS': 203.13651676752863, 'RME': 0.014492753623188406, 'Bal': 0.0015455950540958269, 'Time': 0.07417941093444824}, {'ACC': 0.21594202898550724, 'NMI': 0.04679881423742789, 'Purity': 0.24782608695652175, 'AR': -0.009359440160773344, 'RI': 0.21855661429082265, 'MI': 0.7814433857091774, 'HI': -0.5628867714183546, 'F-Score': 0.23310061805105425, 'Precision': 0.13497489839827875, 'Recall': 0.8538245168315035, 'Entropy': 0.15103277469247472, 'SDCS': 203.13651676752863, 'RME': 0.014492753623188406, 'Bal': 0.0015455950540958269, 'Time': 0.0711667537689209}, {'ACC': 0.21594202898550724, 'NMI': 0.04679881423742789, 'Purity': 0.24782608695652175, 'AR': -0.009359440160773344, 'RI': 0.21855661429082265, 'MI': 0.7814433857091774, 'HI': -0.5628867714183546, 'F-Score': 0.23310061805105425, 'Precision': 0.13497489839827875, 'Recall': 0.8538245168315035, 'Entropy': 0.15103277469247472, 'SDCS': 203.13651676752863, 'RME': 0.014492753623188406, 'Bal': 0.0015455950540958269, 'Time': 0.06967902183532715}, {'ACC': 0.21594202898550724, 'NMI': 0.04899905386283695, 'Purity': 0.24782608695652175, 'AR': -0.010173785767477255, 'RI': 0.2218464062598599, 'MI': 0.77815359374014, 'HI': -0.5563071874802802, 'F-Score': 0.232278415340237, 'Precision': 0.1346116841133005, 'Recall': 0.8463236850860478, 'Entropy': 0.15673312434358738, 'SDCS': 202.43627255125116, 'RME': 0.014492753623188406, 'Bal': 0.0015503875968992248, 'Time': 0.060756683349609375}, {'ACC': 0.21594202898550724, 'NMI': 0.04679881423742789, 'Purity': 0.24782608695652175, 'AR': -0.009359440160773344, 'RI': 0.21855661429082265, 'MI': 0.7814433857091774, 'HI': -0.5628867714183546, 'F-Score': 0.23310061805105425, 'Precision': 0.13497489839827875, 'Recall': 0.8538245168315035, 'Entropy': 0.15103277469247472, 'SDCS': 203.13651676752863, 'RME': 0.014492753623188406, 'Bal': 0.0015455950540958269, 'Time': 0.07737874984741211}, {'ACC': 0.21884057971014492, 'NMI': 0.04445301970271098, 'Purity': 0.25072463768115943, 'AR': -0.006480021614593413, 'RI': 0.20900696241139227, 'MI': 0.7909930375886077, 'HI': -0.5819860751772155, 'F-Score': 0.23588697387296956, 'Precision': 0.1362509624232409, 'Recall': 0.8777787859540876, 'Entropy': 0.13335703114754607, 'SDCS': 205.23374208177583, 'RME': 0.014492753623188406, 'Bal': 0.0015313935681470138, 'Time': 0.07142257690429688}]
2025-12-26 09:27:55,660 - INFO - Metrics (Avg): {'ACC': 0.21681159420289858, 'NMI': 0.04696531161552509, 'Purity': 0.24869565217391307, 'AR': -0.008838318005789523, 'RI': 0.21699753896636587, 'MI': 0.7830024610336341, 'HI': -0.5660049220672682, 'F-Score': 0.23359587149771746, 'Precision': 0.1352055231570009, 'Recall': 0.8579378761757855, 'Entropy': 0.14802348916588798, 'SDCS': 203.48571861655824, 'RME': 0.014492753623188406, 'Bal': 0.0015432340111864041, 'Time': 0.0704505443572998}
2025-12-26 09:27:55,873 - INFO - Line plot saved in data\grid\GridSearch_001\tr45_690n_8261d_10c_CDKM200\Exp_001_LWEA\line_plot.png
2025-12-26 09:27:55,873 - INFO - Params saved in data\grid\GridSearch_001\tr45_690n_8261d_10c_CDKM200\Exp_001_LWEA\params.json
2025-12-26 09:27:55,898 - INFO - Labels saved in data\grid\GridSearch_001\tr45_690n_8261d_10c_CDKM200\Exp_001_LWEA\labels.csv
2025-12-26 09:27:55,899 - INFO - Scores saved in data\grid\GridSearch_001\tr45_690n_8261d_10c_CDKM200\Exp_001_LWEA\metrics.json
2025-12-26 09:27:55,902 - INFO - Results saved in data\grid\GridSearch_001\tr45_690n_8261d_10c_CDKM200\Exp_001_LWEA\results.csv
2025-12-26 09:27:55,902 - INFO - ===================== Experiment Exp_001_LWEA Completed. =====================
