2026-01-02 17:01:03,571 - INFO - ===================== Experiment: Exp_002_LWEA =====================
2026-01-02 17:01:03,571 - INFO - Dataset: tr45_690n_8261d_10c_CDKM200
2026-01-02 17:01:03,571 - INFO - Params: {'generator_method': 'cdkmeans', 'nPartitions': 200, 'seed': 2026, 'maxiter': 100, 'replicates': 1, 'nBase': 20, 'nRepeat': 10, 'consensus_method': 'lwea', 'theta': 5}
2026-01-02 17:01:03,571 - INFO - Using precomputed BPs from .mat file.
2026-01-02 17:01:03,571 - INFO - Running Consensus: LWEA...
2026-01-02 17:01:04,315 - INFO - Labels: [array([ 5,  5,  5,  5,  8,  5,  5,  5,  5,  5,  5,  5,  5,  5,  5,  5,  5,
        5,  5,  5,  5,  5,  5,  5,  1,  5,  5,  5,  5,  5,  5,  5,  5,  5,
        5,  5,  5,  5,  5,  5,  5,  5,  5,  5,  5,  5,  5,  5,  5,  5,  5,
        5,  5,  5,  5,  5,  5,  5,  5,  5,  5,  5,  5,  5,  5,  5,  5,  5,
        5,  5,  5,  5,  5,  5,  5,  5,  5,  5,  5,  5,  5,  5,  5,  5,  5,
        5,  5,  5,  5,  5,  5,  5,  5,  5,  5,  5,  5,  5,  5,  5,  5,  5,
        5,  5,  5,  5,  5,  5,  5,  3,  5,  5,  5,  5,  5,  4,  5,  5,  5,
        5,  5,  5,  5,  5,  5,  5,  5,  5,  5,  5,  5,  5,  5,  5,  5,  5,
        5,  5,  5,  5,  5,  5,  5,  5,  5,  5,  5,  5,  5,  5,  5,  5,  5,
        5,  5,  5,  5,  6,  5,  5,  5,  5,  9,  5,  5,  5,  5,  5,  5,  1,
        5,  5,  5,  5,  5,  5,  5,  5,  5,  5,  5,  5,  5,  5,  5,  5,  5,
        5,  5,  5,  5,  5,  5,  5,  5,  4,  5,  5,  5,  5,  5,  5,  5,  5,
        5,  5,  5,  5,  5,  5,  5,  5,  5,  5,  5,  5,  5,  5,  5,  5,  5,
        5,  5,  5,  5,  5,  7,  5,  1,  5,  5,  2,  5,  5,  5,  5,  5,  5,
        5,  5,  5,  5,  5,  5,  5,  5,  5,  5,  5,  5,  5,  5,  5,  5,  5,
        1,  5,  5,  5,  5,  7,  5,  5,  5,  5,  5,  4,  5,  5,  5,  5,  5,
        5,  5,  5,  5,  5,  5, 10,  5,  5,  5,  5,  5,  4,  5,  5,  5,  5,
        5,  5,  5,  5,  5,  5,  5,  5,  5,  5,  5,  5,  5,  5,  5,  5,  5,
        1,  5,  5,  5,  5,  5,  5,  5,  5,  5,  5,  5,  5,  5,  5,  5,  5,
        5,  5,  5,  5,  5,  5,  5,  5,  5,  5,  5,  5,  5,  5,  5,  5,  5,
        1,  5,  5,  5,  5,  5,  5,  5,  5,  5,  5,  5,  5,  5,  5,  5,  5,
        5,  5,  5,  5,  5,  5,  5,  5,  5,  5,  5,  5,  5,  5,  5,  5,  5,
        5,  5,  1,  5,  5,  5,  5,  5,  5,  5,  5,  5,  5,  1,  5,  5,  5,
        5,  5,  5,  5,  5,  5,  5,  5,  5,  5,  5,  5,  5,  5,  5,  3,  5,
        5,  5,  5,  5,  5,  5,  1,  5,  5,  1,  5,  5,  5,  5,  5,  5,  5,
        5,  3,  5,  5,  5,  5,  5,  5,  3,  5,  5,  5,  5,  5,  5,  5,  5,
        5,  5,  5,  1,  5,  5,  5,  1,  1,  5,  5,  5,  5,  7,  5,  3,  3,
        5,  5,  5,  5,  5,  5,  5,  5,  5,  5,  5,  5,  5,  5,  5,  5,  5,
        5,  5,  5,  5,  5,  5,  5,  5,  5,  5,  5,  5,  5,  5,  5,  5,  5,
        5,  5,  5,  5,  5,  5,  5,  5,  5,  5,  5,  5,  5,  5,  5,  5,  5,
        5,  5,  5,  5,  5,  5,  5,  5,  5,  5,  5,  5,  3,  5,  5,  5,  5,
        5,  5,  5,  5,  5,  5,  5,  5,  5,  5,  5,  5,  5,  5,  5,  5,  5,
        5,  5,  5,  5,  5,  5,  4,  5,  5,  5,  5,  5,  5,  5,  5,  5,  5,
        5,  5,  5,  5,  5,  5,  5,  5,  5,  5,  5,  5,  5,  5,  5,  5,  5,
        5,  5,  5,  5,  3,  5,  5,  5,  5,  5,  5,  5,  5,  5,  5,  5,  5,
        5,  5,  5,  3,  5,  3,  5,  5,  5,  5,  5,  5,  5,  5,  5,  5,  7,
        5,  5,  5,  5,  5,  5,  5,  5,  4,  5,  5,  5,  5,  5,  5,  5,  5,
        5,  5,  5,  5,  5,  5,  5,  5,  5,  7,  5,  5,  5,  5,  5,  5,  5,
        5,  5,  5,  5,  5,  5,  5,  2,  5,  5,  2,  5,  5,  5,  5,  5,  5,
        5,  5,  5,  1,  5,  5,  5,  5,  5,  5,  5,  5,  6,  5,  5,  5,  5,
        5,  5,  5,  5,  5,  5,  5,  5,  5,  5]), array([ 1,  1,  1,  1,  8,  1,  1,  1,  1,  1,  1,  1,  1,  1,  1,  1,  1,
        1,  1,  1,  1,  1,  1,  1,  3,  1,  1,  1,  1,  1,  1,  1,  1,  1,
        1,  1,  1,  1,  1,  1,  1,  1,  1,  1,  1,  1,  1,  1,  1,  1,  1,
        1,  1,  1,  1,  1,  1,  1,  1,  1,  1,  1,  1,  1,  1,  1,  1,  1,
        1,  1,  1,  1,  1,  1,  1,  1,  1,  1,  1,  1,  1,  1,  1,  1,  1,
        1,  1,  1,  1,  1,  1,  1,  1,  1,  1,  1,  1,  1,  1,  1,  1,  1,
        1,  1,  1,  1,  1,  1,  1,  7,  1,  1,  1,  1,  1,  6,  1,  1,  1,
        1,  1,  1,  1,  1,  1,  1,  1,  1,  1,  1,  1,  1,  1,  1,  1,  1,
        1,  1,  1,  1,  1,  1,  1,  1,  1,  1,  1,  1,  1,  1,  1,  1,  1,
        1,  1,  1,  1,  2,  1,  1,  1,  1,  9,  1,  1,  1,  1,  1,  1,  3,
        1,  1,  1,  1,  1,  1,  1,  1,  1,  1,  1,  1,  1,  1,  1,  1,  1,
        1,  1,  1,  1,  1,  1,  1,  1,  6,  1,  1,  1,  1,  1,  1,  1,  1,
        1,  1,  1,  1,  1,  1,  1,  1,  1,  1,  1,  1,  1,  1,  1,  1,  1,
        1,  1,  1,  1,  1,  5,  1,  3,  1,  1,  4,  1,  1,  1,  1,  1,  1,
        1,  1,  1,  1,  1,  1,  1,  1,  1,  1,  1,  1,  1,  1,  1,  1,  1,
        3,  1,  1,  1,  1,  5,  1,  1,  1,  1,  1,  6,  1,  1,  1,  1,  1,
        1,  1,  1,  1,  1,  1, 10,  1,  1,  1,  1,  1,  6,  1,  1,  1,  1,
        1,  1,  1,  1,  1,  1,  1,  1,  1,  1,  1,  1,  1,  1,  1,  1,  1,
        3,  1,  1,  1,  1,  1,  1,  1,  1,  1,  1,  1,  1,  1,  1,  1,  1,
        1,  1,  1,  1,  1,  1,  1,  1,  1,  1,  1,  1,  1,  1,  1,  1,  1,
        3,  1,  1,  1,  1,  1,  1,  1,  1,  1,  1,  1,  1,  1,  1,  1,  1,
        1,  1,  1,  1,  1,  1,  1,  1,  1,  1,  1,  1,  1,  1,  1,  1,  1,
        1,  1,  3,  1,  1,  1,  1,  1,  1,  1,  1,  1,  1,  3,  1,  1,  1,
        1,  1,  1,  1,  1,  1,  1,  1,  1,  1,  1,  1,  1,  1,  1,  1,  1,
        1,  1,  1,  1,  1,  1,  3,  1,  1,  3,  1,  1,  1,  1,  1,  1,  1,
        1,  1,  1,  1,  1,  1,  1,  1,  1,  1,  1,  1,  1,  1,  1,  1,  1,
        1,  1,  1,  3,  1,  1,  1,  3,  3,  1,  1,  1,  1,  5,  1,  7,  7,
        1,  1,  1,  1,  1,  1,  1,  1,  1,  1,  1,  1,  1,  1,  1,  1,  1,
        1,  1,  1,  1,  1,  1,  1,  1,  1,  1,  1,  1,  1,  1,  1,  1,  1,
        1,  1,  1,  1,  1,  1,  1,  1,  1,  1,  1,  1,  1,  1,  1,  1,  1,
        1,  1,  1,  1,  1,  1,  1,  1,  1,  1,  1,  1,  1,  1,  1,  1,  1,
        1,  1,  1,  1,  1,  1,  1,  1,  1,  1,  1,  1,  1,  1,  1,  1,  1,
        1,  1,  1,  1,  1,  1,  6,  1,  1,  1,  1,  1,  1,  1,  1,  1,  1,
        1,  1,  1,  1,  1,  1,  1,  1,  1,  1,  1,  1,  1,  1,  1,  1,  1,
        1,  1,  1,  1,  7,  1,  1,  1,  1,  1,  1,  1,  1,  1,  1,  1,  1,
        1,  1,  1,  1,  1,  1,  1,  1,  1,  1,  1,  1,  1,  1,  1,  1,  5,
        1,  1,  1,  1,  1,  1,  1,  1,  6,  1,  1,  1,  1,  1,  1,  1,  1,
        1,  1,  1,  1,  1,  1,  1,  1,  1,  5,  1,  1,  1,  1,  1,  1,  1,
        1,  1,  1,  1,  1,  1,  1,  4,  1,  1,  4,  1,  1,  1,  1,  1,  1,
        1,  1,  1,  3,  1,  1,  1,  1,  1,  1,  1,  1,  2,  1,  1,  1,  1,
        1,  1,  1,  1,  1,  1,  1,  1,  1,  1]), array([ 6,  6,  6,  6,  8,  6,  6,  6,  6,  6,  6,  6,  6,  6,  6,  6,  6,
        6,  6,  6,  6,  6,  6,  6,  1,  6,  6,  6,  6,  6,  6,  6,  6,  6,
        6,  6,  6,  6,  6,  6,  6,  6,  6,  6,  6,  6,  6,  6,  6,  6,  6,
        6,  6,  6,  6,  6,  6,  6,  6,  6,  6,  6,  6,  6,  6,  6,  6,  6,
        6,  6,  6,  6,  6,  6,  6,  6,  6,  6,  6,  6,  6,  6,  6,  6,  6,
        6,  6,  6,  6,  6,  6,  6,  6,  6,  6,  6,  6,  6,  6,  6,  6,  6,
        6,  6,  6,  6,  6,  6,  6,  4,  6,  6,  6,  6,  6,  5,  6,  6,  6,
        6,  6,  6,  6,  6,  6,  6,  6,  6,  6,  6,  6,  6,  6,  6,  6,  6,
        6,  6,  6,  6,  6,  6,  6,  6,  6,  6,  6,  6,  6,  6,  6,  6,  6,
        6,  6,  6,  6,  1,  6,  6,  6,  6,  9,  6,  6,  6,  6,  6,  6,  1,
        6,  6,  6,  6,  6,  6,  6,  6,  6,  6,  6,  6,  6,  6,  6,  6,  6,
        6,  6,  6,  6,  6,  6,  6,  6,  5,  6,  6,  6,  6,  6,  6,  6,  6,
        6,  6,  6,  6,  6,  6,  6,  6,  6,  6,  6,  6,  6,  6,  6,  6,  6,
        6,  6,  6,  6,  6,  7,  6,  1,  6,  6,  2,  6,  6,  6,  6,  6,  6,
        6,  6,  6,  6,  6,  6,  6,  6,  6,  6,  6,  6,  6,  6,  6,  6,  6,
        1,  6,  6,  6,  6,  7,  6,  6,  6,  6,  6,  5,  6,  6,  6,  6,  6,
        6,  6,  6,  6,  6,  6, 10,  6,  6,  6,  6,  6,  5,  6,  6,  6,  6,
        6,  6,  6,  6,  6,  6,  6,  6,  6,  6,  6,  6,  6,  6,  6,  6,  6,
        1,  6,  6,  6,  6,  6,  6,  6,  6,  6,  6,  6,  6,  6,  6,  6,  6,
        6,  6,  6,  6,  6,  6,  6,  6,  6,  6,  6,  6,  6,  6,  6,  6,  6,
        1,  6,  6,  6,  6,  6,  6,  6,  6,  6,  6,  6,  6,  6,  6,  6,  6,
        6,  6,  6,  6,  6,  6,  6,  6,  6,  6,  6,  6,  6,  6,  6,  6,  6,
        6,  6,  1,  6,  6,  6,  6,  6,  6,  6,  6,  6,  6,  1,  6,  6,  6,
        6,  6,  6,  6,  6,  6,  6,  6,  6,  6,  6,  6,  6,  6,  6,  3,  6,
        6,  6,  6,  6,  6,  6,  1,  6,  6,  1,  6,  6,  6,  6,  6,  6,  6,
        6,  3,  6,  6,  6,  6,  6,  6,  3,  6,  6,  6,  6,  6,  6,  6,  6,
        6,  6,  6,  1,  6,  6,  6,  1,  1,  6,  6,  6,  6,  7,  6,  4,  4,
        6,  6,  6,  6,  6,  6,  6,  6,  6,  6,  6,  6,  6,  6,  6,  6,  6,
        6,  6,  6,  6,  6,  6,  6,  6,  6,  6,  6,  6,  6,  6,  6,  6,  6,
        6,  6,  6,  6,  6,  6,  6,  6,  6,  6,  6,  6,  6,  6,  6,  6,  6,
        6,  6,  6,  6,  6,  6,  6,  6,  6,  6,  6,  6,  3,  6,  6,  6,  6,
        6,  6,  6,  6,  6,  6,  6,  6,  6,  6,  6,  6,  6,  6,  6,  6,  6,
        6,  6,  6,  6,  6,  6,  5,  6,  6,  6,  6,  6,  6,  6,  6,  6,  6,
        6,  6,  6,  6,  6,  6,  6,  6,  6,  6,  6,  6,  6,  6,  6,  6,  6,
        6,  6,  6,  6,  4,  6,  6,  6,  6,  6,  6,  6,  6,  6,  6,  6,  6,
        6,  6,  6,  3,  6,  3,  6,  6,  6,  6,  6,  6,  6,  6,  6,  6,  7,
        6,  6,  6,  6,  6,  6,  6,  6,  5,  6,  6,  6,  6,  6,  6,  6,  6,
        6,  6,  6,  6,  6,  6,  6,  6,  6,  7,  6,  6,  6,  6,  6,  6,  6,
        6,  6,  6,  6,  6,  6,  6,  2,  6,  6,  2,  6,  6,  6,  6,  6,  6,
        6,  6,  6,  1,  6,  6,  6,  6,  6,  6,  6,  6,  1,  6,  6,  6,  6,
        6,  6,  6,  6,  6,  6,  6,  6,  6,  6]), array([ 4,  4,  4,  4,  8,  4,  4,  4,  4,  4,  4,  4,  4,  4,  4,  4,  4,
        4,  4,  4,  4,  4,  4,  4,  2,  4,  4,  4,  4,  4,  4,  4,  4,  4,
        4,  4,  4,  4,  4,  4,  4,  4,  4,  4,  4,  4,  4,  4,  4,  4,  4,
        4,  4,  4,  4,  4,  4,  4,  4,  4,  4,  4,  4,  4,  4,  4,  4,  4,
        4,  4,  4,  4,  4,  4,  4,  4,  4,  4,  4,  4,  4,  4,  4,  4,  4,
        4,  4,  4,  4,  4,  4,  4,  4,  4,  4,  4,  4,  4,  4,  4,  4,  4,
        4,  4,  4,  4,  4,  4,  4,  7,  4,  4,  4,  4,  4,  3,  4,  4,  4,
        4,  4,  4,  4,  4,  4,  4,  4,  4,  4,  4,  4,  4,  4,  4,  4,  4,
        4,  4,  4,  4,  4,  4,  4,  4,  4,  4,  4,  4,  4,  4,  4,  4,  4,
        4,  4,  4,  4,  2,  4,  4,  4,  4,  9,  4,  4,  4,  4,  4,  4,  2,
        4,  4,  4,  4,  4,  4,  4,  4,  4,  4,  4,  4,  4,  4,  4,  4,  4,
        4,  4,  4,  4,  4,  4,  4,  4,  3,  4,  4,  4,  4,  4,  4,  4,  4,
        4,  4,  4,  4,  4,  4,  4,  4,  4,  4,  4,  4,  4,  4,  4,  4,  4,
        4,  4,  4,  4,  4,  6,  4,  2,  4,  4,  5,  4,  4,  4,  4,  4,  4,
        4,  4,  4,  4,  4,  4,  4,  4,  4,  4,  4,  4,  4,  4,  4,  4,  4,
        2,  4,  4,  4,  4,  6,  4,  4,  4,  4,  4,  3,  4,  4,  4,  4,  4,
        4,  4,  4,  4,  4,  4, 10,  4,  4,  4,  4,  4,  3,  4,  4,  4,  4,
        4,  4,  4,  4,  4,  4,  4,  4,  4,  4,  4,  4,  4,  4,  4,  4,  4,
        2,  4,  4,  4,  4,  4,  4,  4,  4,  4,  4,  4,  4,  4,  4,  4,  4,
        4,  4,  4,  4,  4,  4,  4,  4,  4,  4,  4,  4,  4,  4,  4,  4,  4,
        2,  4,  4,  4,  4,  4,  4,  4,  4,  4,  4,  4,  4,  4,  4,  4,  4,
        4,  4,  4,  4,  4,  4,  4,  4,  4,  4,  4,  4,  4,  4,  4,  4,  4,
        4,  4,  2,  4,  4,  4,  4,  4,  4,  4,  4,  4,  4,  2,  4,  4,  4,
        4,  4,  4,  4,  4,  4,  4,  4,  4,  4,  4,  4,  4,  4,  4,  1,  4,
        4,  4,  4,  4,  4,  4,  2,  4,  4,  2,  4,  4,  4,  4,  4,  4,  4,
        4,  1,  4,  4,  4,  4,  4,  4,  1,  4,  4,  4,  4,  4,  4,  4,  4,
        4,  4,  4,  2,  4,  4,  4,  2,  2,  4,  4,  4,  4,  6,  4,  7,  7,
        4,  4,  4,  4,  4,  4,  4,  4,  4,  4,  4,  4,  4,  4,  4,  4,  4,
        4,  4,  4,  4,  4,  4,  4,  4,  4,  4,  4,  4,  4,  4,  4,  4,  4,
        4,  4,  4,  4,  4,  4,  4,  4,  4,  4,  4,  4,  4,  4,  4,  4,  4,
        4,  4,  4,  4,  4,  4,  4,  4,  4,  4,  4,  4,  1,  4,  4,  4,  4,
        4,  4,  4,  4,  4,  4,  4,  4,  4,  4,  4,  4,  4,  4,  4,  4,  4,
        4,  4,  4,  4,  4,  4,  3,  4,  4,  4,  4,  4,  4,  4,  4,  4,  4,
        4,  4,  4,  4,  4,  4,  4,  4,  4,  4,  4,  4,  4,  4,  4,  4,  4,
        4,  4,  4,  4,  7,  4,  4,  4,  4,  4,  4,  4,  4,  4,  4,  4,  4,
        4,  4,  4,  1,  4,  1,  4,  4,  4,  4,  4,  4,  4,  4,  4,  4,  6,
        4,  4,  4,  4,  4,  4,  4,  4,  3,  4,  4,  4,  4,  4,  4,  4,  4,
        4,  4,  4,  4,  4,  4,  4,  4,  4,  6,  4,  4,  4,  4,  4,  4,  4,
        4,  4,  4,  4,  4,  4,  4,  5,  4,  4,  5,  4,  4,  4,  4,  4,  4,
        4,  4,  4,  2,  4,  4,  4,  4,  4,  4,  4,  4,  2,  4,  4,  4,  4,
        4,  4,  4,  4,  4,  4,  4,  4,  4,  4]), array([ 4,  4,  4,  4,  8,  4,  4,  4,  4,  4,  4,  4,  4,  4,  4,  4,  4,
        4,  4,  4,  4,  4,  4,  4,  2,  4,  4,  4,  4,  4,  4,  4,  4,  4,
        4,  4,  4,  4,  4,  4,  4,  4,  4,  4,  4,  4,  4,  4,  4,  4,  4,
        4,  4,  4,  4,  4,  4,  4,  4,  4,  4,  4,  4,  4,  4,  4,  4,  4,
        4,  4,  4,  4,  4,  4,  4,  4,  4,  4,  4,  4,  4,  4,  4,  4,  4,
        4,  4,  4,  4,  4,  4,  4,  4,  4,  4,  4,  4,  4,  4,  4,  4,  4,
        4,  4,  4,  4,  4,  4,  4,  7,  4,  4,  4,  4,  4,  3,  4,  4,  4,
        4,  4,  4,  4,  4,  4,  4,  4,  4,  4,  4,  4,  4,  4,  4,  4,  4,
        4,  4,  4,  4,  4,  4,  4,  4,  4,  4,  4,  4,  4,  4,  4,  4,  4,
        4,  4,  4,  4,  2,  4,  4,  4,  4,  9,  4,  4,  4,  4,  4,  4,  2,
        4,  4,  4,  4,  4,  4,  4,  4,  4,  4,  4,  4,  4,  4,  4,  4,  4,
        4,  4,  4,  4,  4,  4,  4,  4,  3,  4,  4,  4,  4,  4,  4,  4,  4,
        4,  4,  4,  4,  4,  4,  4,  4,  4,  4,  4,  4,  4,  4,  4,  4,  4,
        4,  4,  4,  4,  4,  6,  4,  2,  4,  4,  5,  4,  4,  4,  4,  4,  4,
        4,  4,  4,  4,  4,  4,  4,  4,  4,  4,  4,  4,  4,  4,  4,  4,  4,
        2,  4,  4,  4,  4,  6,  4,  4,  4,  4,  4,  3,  4,  4,  4,  4,  4,
        4,  4,  4,  4,  4,  4, 10,  4,  4,  4,  4,  4,  3,  4,  4,  4,  4,
        4,  4,  4,  4,  4,  4,  4,  4,  4,  4,  4,  4,  4,  4,  4,  4,  4,
        2,  4,  4,  4,  4,  4,  4,  4,  4,  4,  4,  4,  4,  4,  4,  4,  4,
        4,  4,  4,  4,  4,  4,  4,  4,  4,  4,  4,  4,  4,  4,  4,  4,  4,
        2,  4,  4,  4,  4,  4,  4,  4,  4,  4,  4,  4,  4,  4,  4,  4,  4,
        4,  4,  4,  4,  4,  4,  4,  4,  4,  4,  4,  4,  4,  4,  4,  4,  4,
        4,  4,  2,  4,  4,  4,  4,  4,  4,  4,  4,  4,  4,  2,  4,  4,  4,
        4,  4,  4,  4,  4,  4,  4,  4,  4,  4,  4,  4,  4,  4,  4,  1,  4,
        4,  4,  4,  4,  4,  4,  2,  4,  4,  2,  4,  4,  4,  4,  4,  4,  4,
        4,  1,  4,  4,  4,  4,  4,  4,  1,  4,  4,  4,  4,  4,  4,  4,  4,
        4,  4,  4,  2,  4,  4,  4,  2,  2,  4,  4,  4,  4,  6,  4,  7,  7,
        4,  4,  4,  4,  4,  4,  4,  4,  4,  4,  4,  4,  4,  4,  4,  4,  4,
        4,  4,  4,  4,  4,  4,  4,  4,  4,  4,  4,  4,  4,  4,  4,  4,  4,
        4,  4,  4,  4,  4,  4,  4,  4,  4,  4,  4,  4,  4,  4,  4,  4,  4,
        4,  4,  4,  4,  4,  4,  4,  4,  4,  4,  4,  4,  1,  4,  4,  4,  4,
        4,  4,  4,  4,  4,  4,  4,  4,  4,  4,  4,  4,  4,  4,  4,  4,  4,
        4,  4,  4,  4,  4,  4,  3,  4,  4,  4,  4,  4,  4,  4,  4,  4,  4,
        4,  4,  4,  4,  4,  4,  4,  4,  4,  4,  4,  4,  4,  4,  4,  4,  4,
        4,  4,  4,  4,  7,  4,  4,  4,  4,  4,  4,  4,  4,  4,  4,  4,  4,
        4,  4,  4,  1,  4,  1,  4,  4,  4,  4,  4,  4,  4,  4,  4,  4,  6,
        4,  4,  4,  4,  4,  4,  4,  4,  3,  4,  4,  4,  4,  4,  4,  4,  4,
        4,  4,  4,  4,  4,  4,  4,  4,  4,  6,  4,  4,  4,  4,  4,  4,  4,
        4,  4,  4,  4,  4,  4,  4,  5,  4,  4,  5,  4,  4,  4,  4,  4,  4,
        4,  4,  4,  2,  4,  4,  4,  4,  4,  4,  4,  4,  2,  4,  4,  4,  4,
        4,  4,  4,  4,  4,  4,  4,  4,  4,  4]), array([ 4,  4,  4,  4,  8,  4,  4,  4,  4,  4,  4,  4,  4,  4,  4,  4,  4,
        4,  4,  4,  4,  4,  4,  4,  2,  4,  4,  4,  4,  4,  4,  4,  4,  4,
        4,  4,  4,  4,  4,  4,  4,  4,  4,  4,  4,  4,  4,  4,  4,  4,  4,
        4,  4,  4,  4,  4,  4,  4,  4,  4,  4,  4,  4,  4,  4,  4,  4,  4,
        4,  4,  4,  4,  4,  4,  4,  4,  4,  4,  4,  4,  4,  4,  4,  4,  4,
        4,  4,  4,  4,  4,  4,  4,  4,  4,  4,  4,  4,  4,  4,  4,  4,  4,
        4,  4,  4,  4,  4,  4,  4,  7,  4,  4,  4,  4,  4,  3,  4,  4,  4,
        4,  4,  4,  4,  4,  4,  4,  4,  4,  4,  4,  4,  4,  4,  4,  4,  4,
        4,  4,  4,  4,  4,  4,  4,  4,  4,  4,  4,  4,  4,  4,  4,  4,  4,
        4,  4,  4,  4,  2,  4,  4,  4,  4,  9,  4,  4,  4,  4,  4,  4,  2,
        4,  4,  4,  4,  4,  4,  4,  4,  4,  4,  4,  4,  4,  4,  4,  4,  4,
        4,  4,  4,  4,  4,  4,  4,  4,  3,  4,  4,  4,  4,  4,  4,  4,  4,
        4,  4,  4,  4,  4,  4,  4,  4,  4,  4,  4,  4,  4,  4,  4,  4,  4,
        4,  4,  4,  4,  4,  6,  4,  2,  4,  4,  5,  4,  4,  4,  4,  4,  4,
        4,  4,  4,  4,  4,  4,  4,  4,  4,  4,  4,  4,  4,  4,  4,  4,  4,
        2,  4,  4,  4,  4,  6,  4,  4,  4,  4,  4,  3,  4,  4,  4,  4,  4,
        4,  4,  4,  4,  4,  4, 10,  4,  4,  4,  4,  4,  3,  4,  4,  4,  4,
        4,  4,  4,  4,  4,  4,  4,  4,  4,  4,  4,  4,  4,  4,  4,  4,  4,
        2,  4,  4,  4,  4,  4,  4,  4,  4,  4,  4,  4,  4,  4,  4,  4,  4,
        4,  4,  4,  4,  4,  4,  4,  4,  4,  4,  4,  4,  4,  4,  4,  4,  4,
        2,  4,  4,  4,  4,  4,  4,  4,  4,  4,  4,  4,  4,  4,  4,  4,  4,
        4,  4,  4,  4,  4,  4,  4,  4,  4,  4,  4,  4,  4,  4,  4,  4,  4,
        4,  4,  2,  4,  4,  4,  4,  4,  4,  4,  4,  4,  4,  2,  4,  4,  4,
        4,  4,  4,  4,  4,  4,  4,  4,  4,  4,  4,  4,  4,  4,  4,  1,  4,
        4,  4,  4,  4,  4,  4,  2,  4,  4,  2,  4,  4,  4,  4,  4,  4,  4,
        4,  1,  4,  4,  4,  4,  4,  4,  1,  4,  4,  4,  4,  4,  4,  4,  4,
        4,  4,  4,  2,  4,  4,  4,  2,  2,  4,  4,  4,  4,  6,  4,  7,  7,
        4,  4,  4,  4,  4,  4,  4,  4,  4,  4,  4,  4,  4,  4,  4,  4,  4,
        4,  4,  4,  4,  4,  4,  4,  4,  4,  4,  4,  4,  4,  4,  4,  4,  4,
        4,  4,  4,  4,  4,  4,  4,  4,  4,  4,  4,  4,  4,  4,  4,  4,  4,
        4,  4,  4,  4,  4,  4,  4,  4,  4,  4,  4,  4,  1,  4,  4,  4,  4,
        4,  4,  4,  4,  4,  4,  4,  4,  4,  4,  4,  4,  4,  4,  4,  4,  4,
        4,  4,  4,  4,  4,  4,  3,  4,  4,  4,  4,  4,  4,  4,  4,  4,  4,
        4,  4,  4,  4,  4,  4,  4,  4,  4,  4,  4,  4,  4,  4,  4,  4,  4,
        4,  4,  4,  4,  7,  4,  4,  4,  4,  4,  4,  4,  4,  4,  4,  4,  4,
        4,  4,  4,  1,  4,  1,  4,  4,  4,  4,  4,  4,  4,  4,  4,  4,  6,
        4,  4,  4,  4,  4,  4,  4,  4,  3,  4,  4,  4,  4,  4,  4,  4,  4,
        4,  4,  4,  4,  4,  4,  4,  4,  4,  6,  4,  4,  4,  4,  4,  4,  4,
        4,  4,  4,  4,  4,  4,  4,  5,  4,  4,  5,  4,  4,  4,  4,  4,  4,
        4,  4,  4,  2,  4,  4,  4,  4,  4,  4,  4,  4,  2,  4,  4,  4,  4,
        4,  4,  4,  4,  4,  4,  4,  4,  4,  4]), array([ 2,  2,  2,  2,  8,  2,  2,  2,  2,  2,  2,  2,  2,  2,  2,  2,  2,
        2,  2,  2,  2,  2,  2,  2,  3,  2,  2,  2,  2,  2,  2,  2,  2,  2,
        2,  2,  2,  2,  2,  2,  2,  2,  2,  2,  2,  2,  2,  2,  2,  2,  2,
        2,  2,  2,  2,  2,  2,  2,  2,  2,  2,  2,  2,  2,  2,  2,  2,  2,
        2,  2,  2,  2,  2,  2,  2,  2,  2,  2,  2,  2,  2,  2,  2,  2,  2,
        2,  2,  2,  2,  2,  2,  2,  2,  2,  2,  2,  2,  2,  2,  2,  2,  2,
        2,  2,  2,  2,  2,  2,  2,  6,  2,  2,  2,  2,  2,  1,  2,  2,  2,
        2,  2,  2,  2,  2,  2,  2,  2,  2,  2,  2,  2,  2,  2,  2,  2,  2,
        2,  2,  2,  2,  2,  2,  2,  2,  2,  2,  2,  2,  2,  2,  2,  2,  2,
        2,  2,  2,  2,  3,  2,  2,  2,  2,  9,  2,  2,  2,  2,  2,  2,  3,
        2,  2,  2,  2,  2,  2,  2,  2,  2,  2,  2,  2,  2,  2,  2,  2,  2,
        2,  2,  2,  2,  2,  2,  2,  2,  1,  2,  2,  2,  2,  2,  2,  2,  2,
        2,  2,  2,  2,  2,  2,  2,  2,  2,  2,  2,  2,  2,  2,  2,  2,  2,
        2,  2,  2,  2,  2,  7,  2,  3,  2,  2,  4,  2,  2,  2,  2,  2,  2,
        2,  2,  2,  2,  2,  2,  2,  2,  2,  2,  2,  2,  2,  2,  2,  2,  2,
        3,  2,  2,  2,  2,  7,  2,  2,  2,  2,  2,  1,  2,  2,  2,  2,  2,
        2,  2,  2,  2,  2,  2, 10,  2,  2,  2,  2,  2,  1,  2,  2,  2,  2,
        2,  2,  2,  2,  2,  2,  2,  2,  2,  2,  2,  2,  2,  2,  2,  2,  2,
        3,  2,  2,  2,  2,  2,  2,  2,  2,  2,  2,  2,  2,  2,  2,  2,  2,
        2,  2,  2,  2,  2,  2,  2,  2,  2,  2,  2,  2,  2,  2,  2,  2,  2,
        3,  2,  2,  2,  2,  2,  2,  2,  2,  2,  2,  2,  2,  2,  2,  2,  2,
        2,  2,  2,  2,  2,  2,  2,  2,  2,  2,  2,  2,  2,  2,  2,  2,  2,
        2,  2,  3,  2,  2,  2,  2,  2,  2,  2,  2,  2,  2,  3,  2,  2,  2,
        2,  2,  2,  2,  2,  2,  2,  2,  2,  2,  2,  2,  2,  2,  2,  5,  2,
        2,  2,  2,  2,  2,  2,  3,  2,  2,  3,  2,  2,  2,  2,  2,  2,  2,
        2,  5,  2,  2,  2,  2,  2,  2,  5,  2,  2,  2,  2,  2,  2,  2,  2,
        2,  2,  2,  3,  2,  2,  2,  3,  3,  2,  2,  2,  2,  7,  2,  6,  6,
        2,  2,  2,  2,  2,  2,  2,  2,  2,  2,  2,  2,  2,  2,  2,  2,  2,
        2,  2,  2,  2,  2,  2,  2,  2,  2,  2,  2,  2,  2,  2,  2,  2,  2,
        2,  2,  2,  2,  2,  2,  2,  2,  2,  2,  2,  2,  2,  2,  2,  2,  2,
        2,  2,  2,  2,  2,  2,  2,  2,  2,  2,  2,  2,  5,  2,  2,  2,  2,
        2,  2,  2,  2,  2,  2,  2,  2,  2,  2,  2,  2,  2,  2,  2,  2,  2,
        2,  2,  2,  2,  2,  2,  1,  2,  2,  2,  2,  2,  2,  2,  2,  2,  2,
        2,  2,  2,  2,  2,  2,  2,  2,  2,  2,  2,  2,  2,  2,  2,  2,  2,
        2,  2,  2,  2,  6,  2,  2,  2,  2,  2,  2,  2,  2,  2,  2,  2,  2,
        2,  2,  2,  5,  2,  5,  2,  2,  2,  2,  2,  2,  2,  2,  2,  2,  7,
        2,  2,  2,  2,  2,  2,  2,  2,  1,  2,  2,  2,  2,  2,  2,  2,  2,
        2,  2,  2,  2,  2,  2,  2,  2,  2,  7,  2,  2,  2,  2,  2,  2,  2,
        2,  2,  2,  2,  2,  2,  2,  4,  2,  2,  4,  2,  2,  2,  2,  2,  2,
        2,  2,  2,  3,  2,  2,  2,  2,  2,  2,  2,  2,  3,  2,  2,  2,  2,
        2,  2,  2,  2,  2,  2,  2,  2,  2,  2]), array([ 6,  6,  6,  6,  8,  6,  6,  6,  6,  6,  6,  6,  6,  6,  6,  6,  6,
        6,  6,  6,  6,  6,  6,  6,  2,  6,  6,  6,  6,  6,  6,  6,  6,  6,
        6,  6,  6,  6,  6,  6,  6,  6,  6,  6,  6,  6,  6,  6,  6,  6,  6,
        6,  6,  6,  6,  6,  6,  6,  6,  6,  6,  6,  6,  6,  6,  6,  6,  6,
        6,  6,  6,  6,  6,  6,  6,  6,  6,  6,  6,  6,  6,  6,  6,  6,  6,
        6,  6,  6,  6,  6,  6,  6,  6,  6,  6,  6,  6,  6,  6,  6,  6,  6,
        6,  6,  6,  6,  6,  6,  6,  3,  6,  6,  6,  6,  6,  5,  6,  6,  6,
        6,  6,  6,  6,  6,  6,  6,  6,  6,  6,  6,  6,  6,  6,  6,  6,  6,
        6,  6,  6,  6,  6,  6,  6,  6,  6,  6,  6,  6,  6,  6,  6,  6,  6,
        6,  6,  6,  6,  2,  6,  6,  6,  6,  9,  6,  6,  6,  6,  6,  6,  2,
        6,  6,  6,  6,  6,  6,  6,  6,  6,  6,  6,  6,  6,  6,  6,  6,  6,
        6,  6,  6,  6,  6,  6,  6,  6,  5,  6,  6,  6,  6,  6,  6,  6,  6,
        6,  6,  4,  6,  6,  6,  6,  6,  6,  6,  6,  6,  6,  6,  6,  6,  6,
        6,  6,  6,  6,  6,  7,  6,  2,  6,  6,  1,  6,  6,  6,  6,  6,  6,
        6,  6,  6,  6,  6,  6,  6,  6,  6,  6,  6,  6,  6,  6,  6,  6,  6,
        2,  6,  6,  6,  6,  7,  6,  6,  6,  6,  6,  5,  6,  6,  6,  6,  6,
        6,  6,  6,  6,  6,  6, 10,  6,  6,  6,  6,  6,  5,  6,  6,  6,  6,
        6,  6,  6,  6,  6,  6,  6,  6,  6,  6,  6,  4,  6,  6,  6,  6,  6,
        2,  6,  6,  6,  6,  6,  6,  6,  6,  6,  6,  6,  6,  6,  6,  6,  6,
        6,  6,  6,  6,  6,  6,  6,  6,  6,  6,  6,  6,  6,  6,  6,  6,  6,
        2,  6,  6,  6,  6,  6,  6,  6,  6,  6,  6,  6,  6,  6,  6,  6,  6,
        6,  6,  6,  6,  6,  6,  6,  6,  6,  6,  6,  6,  6,  6,  6,  6,  6,
        6,  6,  2,  6,  6,  6,  6,  6,  6,  6,  6,  6,  6,  2,  6,  6,  6,
        6,  6,  6,  6,  6,  6,  6,  6,  6,  6,  6,  6,  6,  6,  6,  4,  6,
        6,  6,  6,  6,  6,  6,  2,  6,  6,  2,  6,  6,  6,  6,  6,  6,  6,
        6,  4,  6,  6,  6,  6,  6,  6,  4,  6,  6,  6,  6,  6,  6,  6,  6,
        6,  6,  6,  2,  6,  6,  6,  2,  2,  6,  6,  6,  6,  7,  6,  3,  3,
        6,  6,  6,  6,  6,  6,  6,  6,  6,  6,  6,  6,  6,  6,  6,  6,  6,
        6,  6,  6,  6,  6,  6,  6,  6,  6,  6,  6,  6,  6,  6,  6,  6,  6,
        6,  6,  6,  6,  6,  6,  6,  6,  6,  6,  6,  6,  6,  6,  6,  6,  6,
        6,  6,  6,  6,  6,  6,  6,  6,  6,  6,  6,  6,  4,  6,  6,  6,  6,
        6,  6,  6,  6,  6,  6,  6,  6,  6,  6,  6,  6,  6,  6,  6,  6,  6,
        6,  6,  6,  6,  6,  6,  5,  6,  6,  6,  6,  6,  6,  6,  6,  6,  6,
        6,  6,  6,  6,  6,  6,  6,  6,  6,  6,  6,  6,  6,  6,  6,  6,  6,
        6,  6,  6,  6,  3,  6,  6,  6,  6,  6,  6,  6,  6,  6,  6,  6,  6,
        6,  6,  6,  4,  6,  4,  6,  6,  6,  6,  6,  6,  6,  6,  6,  6,  7,
        6,  6,  6,  6,  6,  6,  6,  6,  5,  6,  6,  6,  6,  6,  6,  6,  6,
        6,  6,  6,  6,  6,  6,  6,  6,  6,  7,  6,  6,  6,  6,  6,  6,  6,
        6,  6,  6,  6,  6,  6,  6,  1,  6,  6,  1,  6,  6,  6,  6,  6,  6,
        6,  6,  6,  2,  6,  6,  6,  6,  6,  6,  6,  6,  2,  6,  6,  6,  6,
        6,  6,  6,  6,  6,  6,  6,  6,  6,  6]), array([ 4,  4,  4,  4,  8,  4,  4,  4,  4,  4,  4,  4,  4,  4,  4,  4,  4,
        4,  4,  4,  4,  4,  4,  4,  2,  4,  4,  4,  4,  4,  4,  4,  4,  4,
        4,  4,  4,  4,  4,  4,  4,  4,  4,  4,  4,  4,  4,  4,  4,  4,  4,
        4,  4,  4,  4,  4,  4,  4,  4,  4,  4,  4,  4,  4,  4,  4,  4,  4,
        4,  4,  4,  4,  4,  4,  4,  4,  4,  4,  4,  4,  4,  4,  4,  4,  4,
        4,  4,  4,  4,  4,  4,  4,  4,  4,  4,  4,  4,  4,  4,  4,  4,  4,
        4,  4,  4,  4,  4,  4,  4,  7,  4,  4,  4,  4,  4,  3,  4,  4,  4,
        4,  4,  4,  4,  4,  4,  4,  4,  4,  4,  4,  4,  4,  4,  4,  4,  4,
        4,  4,  4,  4,  4,  4,  4,  4,  4,  4,  4,  4,  4,  4,  4,  4,  4,
        4,  4,  4,  4,  2,  4,  4,  4,  4,  9,  4,  4,  4,  4,  4,  4,  2,
        4,  4,  4,  4,  4,  4,  4,  4,  4,  4,  4,  4,  4,  4,  4,  4,  4,
        4,  4,  4,  4,  4,  4,  4,  4,  3,  4,  4,  4,  4,  4,  4,  4,  4,
        4,  4,  4,  4,  4,  4,  4,  4,  4,  4,  4,  4,  4,  4,  4,  4,  4,
        4,  4,  4,  4,  4,  6,  4,  2,  4,  4,  5,  4,  4,  4,  4,  4,  4,
        4,  4,  4,  4,  4,  4,  4,  4,  4,  4,  4,  4,  4,  4,  4,  4,  4,
        2,  4,  4,  4,  4,  6,  4,  4,  4,  4,  4,  3,  4,  4,  4,  4,  4,
        4,  4,  4,  4,  4,  4, 10,  4,  4,  4,  4,  4,  3,  4,  4,  4,  4,
        4,  4,  4,  4,  4,  4,  4,  4,  4,  4,  4,  4,  4,  4,  4,  4,  4,
        2,  4,  4,  4,  4,  4,  4,  4,  4,  4,  4,  4,  4,  4,  4,  4,  4,
        4,  4,  4,  4,  4,  4,  4,  4,  4,  4,  4,  4,  4,  4,  4,  4,  4,
        2,  4,  4,  4,  4,  4,  4,  4,  4,  4,  4,  4,  4,  4,  4,  4,  4,
        4,  4,  4,  4,  4,  4,  4,  4,  4,  4,  4,  4,  4,  4,  4,  4,  4,
        4,  4,  2,  4,  4,  4,  4,  4,  4,  4,  4,  4,  4,  2,  4,  4,  4,
        4,  4,  4,  4,  4,  4,  4,  4,  4,  4,  4,  4,  4,  4,  4,  1,  4,
        4,  4,  4,  4,  4,  4,  2,  4,  4,  2,  4,  4,  4,  4,  4,  4,  4,
        4,  1,  4,  4,  4,  4,  4,  4,  1,  4,  4,  4,  4,  4,  4,  4,  4,
        4,  4,  4,  2,  4,  4,  4,  2,  2,  4,  4,  4,  4,  6,  4,  7,  7,
        4,  4,  4,  4,  4,  4,  4,  4,  4,  4,  4,  4,  4,  4,  4,  4,  4,
        4,  4,  4,  4,  4,  4,  4,  4,  4,  4,  4,  4,  4,  4,  4,  4,  4,
        4,  4,  4,  4,  4,  4,  4,  4,  4,  4,  4,  4,  4,  4,  4,  4,  4,
        4,  4,  4,  4,  4,  4,  4,  4,  4,  4,  4,  4,  1,  4,  4,  4,  4,
        4,  4,  4,  4,  4,  4,  4,  4,  4,  4,  4,  4,  4,  4,  4,  4,  4,
        4,  4,  4,  4,  4,  4,  3,  4,  4,  4,  4,  4,  4,  4,  4,  4,  4,
        4,  4,  4,  4,  4,  4,  4,  4,  4,  4,  4,  4,  4,  4,  4,  4,  4,
        4,  4,  4,  4,  7,  4,  4,  4,  4,  4,  4,  4,  4,  4,  4,  4,  4,
        4,  4,  4,  1,  4,  1,  4,  4,  4,  4,  4,  4,  4,  4,  4,  4,  6,
        4,  4,  4,  4,  4,  4,  4,  4,  3,  4,  4,  4,  4,  4,  4,  4,  4,
        4,  4,  4,  4,  4,  4,  4,  4,  4,  6,  4,  4,  4,  4,  4,  4,  4,
        4,  4,  4,  4,  4,  4,  4,  5,  4,  4,  5,  4,  4,  4,  4,  4,  4,
        4,  4,  4,  2,  4,  4,  4,  4,  4,  4,  4,  4,  2,  4,  4,  4,  4,
        4,  4,  4,  4,  4,  4,  4,  4,  4,  4]), array([ 3,  3,  3,  3,  8,  3,  3,  3,  3,  3,  3,  3,  3,  3,  3,  3,  3,
        3,  3,  3,  3,  3,  3,  3,  1,  3,  3,  3,  3,  3,  3,  3,  3,  3,
        3,  3,  3,  3,  3,  3,  3,  3,  3,  3,  3,  3,  3,  3,  3,  3,  3,
        3,  3,  3,  3,  3,  3,  3,  3,  3,  3,  3,  3,  3,  3,  3,  3,  3,
        3,  3,  3,  3,  3,  3,  3,  3,  3,  3,  3,  3,  3,  3,  3,  3,  3,
        3,  3,  3,  3,  3,  3,  3,  3,  3,  3,  3,  3,  3,  3,  3,  3,  3,
        3,  3,  3,  3,  3,  3,  3,  7,  3,  3,  3,  3,  3,  3,  3,  3,  3,
        3,  3,  3,  3,  3,  3,  3,  3,  3,  3,  3,  3,  3,  3,  3,  3,  3,
        3,  3,  3,  3,  3,  3,  3,  3,  3,  3,  3,  3,  3,  3,  3,  3,  3,
        3,  3,  3,  3,  4,  3,  3,  3,  3,  9,  3,  3,  3,  3,  3,  3,  1,
        3,  3,  3,  3,  3,  3,  3,  3,  3,  3,  3,  3,  3,  3,  3,  3,  3,
        3,  3,  3,  3,  3,  3,  3,  3,  3,  3,  3,  3,  3,  3,  3,  3,  3,
        3,  3,  3,  3,  3,  3,  3,  3,  3,  3,  3,  3,  3,  3,  3,  3,  3,
        3,  3,  3,  3,  3,  6,  3,  1,  3,  3,  5,  3,  3,  3,  3,  3,  3,
        3,  3,  3,  3,  3,  3,  3,  3,  3,  3,  3,  3,  3,  3,  3,  3,  3,
        1,  3,  3,  3,  3,  6,  3,  3,  3,  3,  3,  3,  3,  3,  3,  3,  3,
        3,  3,  3,  3,  3,  3, 10,  3,  3,  3,  3,  3,  3,  3,  3,  3,  3,
        3,  3,  3,  3,  3,  3,  3,  3,  3,  3,  3,  3,  3,  3,  3,  3,  3,
        1,  3,  3,  3,  3,  3,  3,  3,  3,  3,  3,  3,  3,  3,  3,  3,  3,
        3,  3,  3,  3,  3,  3,  3,  3,  3,  3,  3,  3,  3,  3,  3,  3,  3,
        1,  3,  3,  3,  3,  3,  3,  3,  3,  3,  3,  3,  3,  3,  3,  3,  3,
        3,  3,  3,  3,  3,  3,  3,  3,  3,  3,  3,  3,  3,  3,  3,  3,  3,
        3,  3,  1,  3,  3,  3,  3,  3,  3,  3,  3,  3,  3,  1,  3,  3,  3,
        3,  3,  3,  3,  3,  3,  3,  3,  3,  3,  3,  3,  3,  3,  3,  2,  3,
        3,  3,  3,  3,  3,  3,  1,  3,  3,  1,  3,  3,  3,  3,  3,  3,  3,
        3,  2,  3,  3,  3,  3,  3,  3,  2,  3,  3,  3,  3,  3,  3,  3,  3,
        3,  3,  3,  1,  3,  3,  3,  1,  1,  3,  3,  3,  3,  6,  3,  7,  7,
        3,  3,  3,  3,  3,  3,  3,  3,  3,  3,  3,  3,  3,  3,  3,  3,  3,
        3,  3,  3,  3,  3,  3,  3,  3,  3,  3,  3,  3,  3,  3,  3,  3,  3,
        3,  3,  3,  3,  3,  3,  3,  3,  3,  3,  3,  3,  3,  3,  3,  3,  3,
        3,  3,  3,  3,  3,  3,  3,  3,  3,  3,  3,  3,  2,  3,  3,  3,  3,
        3,  3,  3,  3,  3,  3,  3,  3,  3,  3,  3,  3,  3,  3,  3,  3,  3,
        3,  3,  3,  3,  3,  3,  3,  3,  3,  3,  3,  3,  3,  3,  3,  3,  3,
        3,  3,  3,  3,  3,  3,  3,  3,  3,  3,  3,  3,  3,  3,  3,  3,  3,
        3,  3,  3,  3,  7,  3,  3,  3,  3,  3,  3,  3,  3,  3,  3,  3,  3,
        3,  3,  3,  2,  3,  2,  3,  3,  3,  3,  3,  3,  3,  3,  3,  3,  6,
        3,  3,  3,  3,  3,  3,  3,  3,  3,  3,  3,  3,  3,  3,  3,  3,  3,
        3,  3,  3,  3,  3,  3,  3,  3,  3,  6,  3,  3,  3,  3,  3,  3,  3,
        3,  3,  3,  3,  3,  3,  3,  5,  3,  3,  5,  3,  3,  3,  3,  3,  3,
        3,  3,  3,  1,  3,  3,  3,  3,  3,  3,  3,  3,  4,  3,  3,  3,  3,
        3,  3,  3,  3,  3,  3,  3,  3,  3,  3])]
2026-01-02 17:01:04,389 - INFO - Metrics (Raw): [{'ACC': 0.21884057971014492, 'NMI': 0.05095513746242463, 'Purity': 0.25072463768115943, 'AR': -0.009092710096591057, 'RI': 0.21877537283607834, 'MI': 0.7812246271639217, 'HI': -0.5624492543278433, 'F-Score': 0.2333026435846727, 'Precision': 0.13509223222055405, 'Recall': 0.8545504037746121, 'Entropy': 0.15059105686535185, 'SDCS': 203.13432884560785, 'RME': 0.014492753623188406, 'Bal': 0.0015455950540958269, 'Time': 0.07265806198120117}, {'ACC': 0.21884057971014492, 'NMI': 0.04445301970271098, 'Purity': 0.25072463768115943, 'AR': -0.006480021614593413, 'RI': 0.20900696241139227, 'MI': 0.7909930375886077, 'HI': -0.5819860751772155, 'F-Score': 0.23588697387296956, 'Precision': 0.1362509624232409, 'Recall': 0.8777787859540876, 'Entropy': 0.13335703114754607, 'SDCS': 205.23374208177583, 'RME': 0.014492753623188406, 'Bal': 0.0015313935681470138, 'Time': 0.07232999801635742}, {'ACC': 0.21594202898550724, 'NMI': 0.04679881423742789, 'Purity': 0.24782608695652175, 'AR': -0.009359440160773344, 'RI': 0.21855661429082265, 'MI': 0.7814433857091774, 'HI': -0.5628867714183546, 'F-Score': 0.23310061805105425, 'Precision': 0.13497489839827875, 'Recall': 0.8538245168315035, 'Entropy': 0.15103277469247472, 'SDCS': 203.13651676752863, 'RME': 0.014492753623188406, 'Bal': 0.0015455950540958269, 'Time': 0.07578778266906738}, {'ACC': 0.21594202898550724, 'NMI': 0.04679881423742789, 'Purity': 0.24782608695652175, 'AR': -0.009359440160773344, 'RI': 0.21855661429082265, 'MI': 0.7814433857091774, 'HI': -0.5628867714183546, 'F-Score': 0.23310061805105425, 'Precision': 0.13497489839827875, 'Recall': 0.8538245168315035, 'Entropy': 0.15103277469247472, 'SDCS': 203.13651676752863, 'RME': 0.014492753623188406, 'Bal': 0.0015455950540958269, 'Time': 0.06907415390014648}, {'ACC': 0.21594202898550724, 'NMI': 0.04679881423742789, 'Purity': 0.24782608695652175, 'AR': -0.009359440160773344, 'RI': 0.21855661429082265, 'MI': 0.7814433857091774, 'HI': -0.5628867714183546, 'F-Score': 0.23310061805105425, 'Precision': 0.13497489839827875, 'Recall': 0.8538245168315035, 'Entropy': 0.15103277469247472, 'SDCS': 203.13651676752863, 'RME': 0.014492753623188406, 'Bal': 0.0015455950540958269, 'Time': 0.07571816444396973}, {'ACC': 0.21594202898550724, 'NMI': 0.04679881423742789, 'Purity': 0.24782608695652175, 'AR': -0.009359440160773344, 'RI': 0.21855661429082265, 'MI': 0.7814433857091774, 'HI': -0.5628867714183546, 'F-Score': 0.23310061805105425, 'Precision': 0.13497489839827875, 'Recall': 0.8538245168315035, 'Entropy': 0.15103277469247472, 'SDCS': 203.13651676752863, 'RME': 0.014492753623188406, 'Bal': 0.0015455950540958269, 'Time': 0.07574200630187988}, {'ACC': 0.21594202898550724, 'NMI': 0.04679881423742789, 'Purity': 0.24782608695652175, 'AR': -0.009359440160773344, 'RI': 0.21855661429082265, 'MI': 0.7814433857091774, 'HI': -0.5628867714183546, 'F-Score': 0.23310061805105425, 'Precision': 0.13497489839827875, 'Recall': 0.8538245168315035, 'Entropy': 0.15103277469247472, 'SDCS': 203.13651676752863, 'RME': 0.014492753623188406, 'Bal': 0.0015455950540958269, 'Time': 0.07947325706481934}, {'ACC': 0.21594202898550724, 'NMI': 0.04899905386283695, 'Purity': 0.24782608695652175, 'AR': -0.010173785767477255, 'RI': 0.2218464062598599, 'MI': 0.77815359374014, 'HI': -0.5563071874802802, 'F-Score': 0.232278415340237, 'Precision': 0.1346116841133005, 'Recall': 0.8463236850860478, 'Entropy': 0.15673312434358738, 'SDCS': 202.43627255125116, 'RME': 0.014492753623188406, 'Bal': 0.0015503875968992248, 'Time': 0.06938290596008301}, {'ACC': 0.21594202898550724, 'NMI': 0.04679881423742789, 'Purity': 0.24782608695652175, 'AR': -0.009359440160773344, 'RI': 0.21855661429082265, 'MI': 0.7814433857091774, 'HI': -0.5628867714183546, 'F-Score': 0.23310061805105425, 'Precision': 0.13497489839827875, 'Recall': 0.8538245168315035, 'Entropy': 0.15103277469247472, 'SDCS': 203.13651676752863, 'RME': 0.014492753623188406, 'Bal': 0.0015455950540958269, 'Time': 0.0746762752532959}, {'ACC': 0.21594202898550724, 'NMI': 0.04233079887016451, 'Purity': 0.24347826086956523, 'AR': -0.011747336471120327, 'RI': 0.20486737763193874, 'MI': 0.7951326223680613, 'HI': -0.5902652447361225, 'F-Score': 0.23188806300722975, 'Precision': 0.13394114664513343, 'Recall': 0.8628981036203611, 'Entropy': 0.13335703114754607, 'SDCS': 205.23374208177583, 'RME': 0.014492753623188406, 'Bal': 0.0015313935681470138, 'Time': 0.0750586986541748}]
2026-01-02 17:01:04,390 - INFO - Metrics (Avg): {'ACC': 0.21652173913043476, 'NMI': 0.04675308953227044, 'Purity': 0.24797101449275366, 'AR': -0.009365049491442212, 'RI': 0.2165835804884205, 'MI': 0.7834164195115795, 'HI': -0.566832839023159, 'F-Score': 0.23319598041114348, 'Precision': 0.13497454157919014, 'Recall': 0.856449807942413, 'Entropy': 0.14802348916588798, 'SDCS': 203.48571861655824, 'RME': 0.014492753623188406, 'Bal': 0.0015432340111864041, 'Time': 0.0739901304244995}
2026-01-02 17:01:04,616 - INFO - Line plot saved in results\grid\GridSearch_001\tr45_690n_8261d_10c_CDKM200\Exp_002_LWEA\line_plot.png
2026-01-02 17:01:04,617 - INFO - Params saved in results\grid\GridSearch_001\tr45_690n_8261d_10c_CDKM200\Exp_002_LWEA\params.json
2026-01-02 17:01:04,640 - INFO - Labels saved in results\grid\GridSearch_001\tr45_690n_8261d_10c_CDKM200\Exp_002_LWEA\labels.csv
2026-01-02 17:01:04,641 - INFO - Scores saved in results\grid\GridSearch_001\tr45_690n_8261d_10c_CDKM200\Exp_002_LWEA\metrics.json
2026-01-02 17:01:04,645 - INFO - Results saved in results\grid\GridSearch_001\tr45_690n_8261d_10c_CDKM200\Exp_002_LWEA\results.csv
2026-01-02 17:01:04,645 - INFO - ===================== Experiment Exp_002_LWEA Completed. =====================
